Analysis & Synthesis report for top
Tue May 01 15:09:46 2018
Quartus Prime Version 16.1.0 Build 196 10/24/2016 SJ Lite Edition


---------------------
; Table of Contents ;
---------------------
  1. Legal Notice
  2. Analysis & Synthesis Summary
  3. Analysis & Synthesis Settings
  4. Parallel Compilation
  5. Analysis & Synthesis Source Files Read
  6. Analysis & Synthesis Resource Usage Summary
  7. Analysis & Synthesis Resource Utilization by Entity
  8. User-Specified and Inferred Latches
  9. General Register Statistics
 10. Parameter Settings for User Entity Instance: seg7:seg7_2
 11. Parameter Settings for User Entity Instance: seg7:seg7_3
 12. Parameter Settings for User Entity Instance: seg7:seg7_4
 13. Parameter Settings for User Entity Instance: seg7:seg7_5
 14. Parameter Settings for User Entity Instance: seg7:seg7_6
 15. Port Connectivity Checks: "seg7:seg7_6"
 16. Post-Synthesis Netlist Statistics for Top Partition
 17. Elapsed Time Per Partition
 18. Analysis & Synthesis Messages



----------------
; Legal Notice ;
----------------
Copyright (C) 2016  Intel Corporation. All rights reserved.
Your use of Intel Corporation's design tools, logic functions 
and other software and tools, and its AMPP partner logic 
functions, and any output files from any of the foregoing 
(including device programming or simulation files), and any 
associated documentation or information are expressly subject 
to the terms and conditions of the Intel Program License 
Subscription Agreement, the Intel Quartus Prime License Agreement,
the Intel MegaCore Function License Agreement, or other 
applicable license agreement, including, without limitation, 
that your use is for the sole purpose of programming logic 
devices manufactured by Intel and sold by Intel or its 
authorized distributors.  Please refer to the applicable 
agreement for further details.



+----------------------------------------------------------------------------------+
; Analysis & Synthesis Summary                                                     ;
+------------------------------------+---------------------------------------------+
; Analysis & Synthesis Status        ; Successful - Tue May 01 15:09:46 2018       ;
; Quartus Prime Version              ; 16.1.0 Build 196 10/24/2016 SJ Lite Edition ;
; Revision Name                      ; top                                         ;
; Top-level Entity Name              ; top                                         ;
; Family                             ; MAX 10                                      ;
; Total logic elements               ; 29                                          ;
;     Total combinational functions  ; 29                                          ;
;     Dedicated logic registers      ; 0                                           ;
; Total registers                    ; 0                                           ;
; Total pins                         ; 73                                          ;
; Total virtual pins                 ; 0                                           ;
; Total memory bits                  ; 0                                           ;
; Embedded Multiplier 9-bit elements ; 0                                           ;
; Total PLLs                         ; 0                                           ;
; UFM blocks                         ; 0                                           ;
; ADC blocks                         ; 0                                           ;
+------------------------------------+---------------------------------------------+


+----------------------------------------------------------------------------------------------------------------------+
; Analysis & Synthesis Settings                                                                                        ;
+----------------------------------------------------------------------------+--------------------+--------------------+
; Option                                                                     ; Setting            ; Default Value      ;
+----------------------------------------------------------------------------+--------------------+--------------------+
; Device                                                                     ; 10M50DAF484C7G     ;                    ;
; Top-level entity name                                                      ; top                ; top                ;
; Family name                                                                ; MAX 10 FPGA        ; Cyclone V          ;
; Use smart compilation                                                      ; Off                ; Off                ;
; Enable parallel Assembler and TimeQuest Timing Analyzer during compilation ; On                 ; On                 ;
; Enable compact report table                                                ; Off                ; Off                ;
; Restructure Multiplexers                                                   ; Auto               ; Auto               ;
; Create Debugging Nodes for IP Cores                                        ; Off                ; Off                ;
; Preserve fewer node names                                                  ; On                 ; On                 ;
; OpenCore Plus hardware evaluation                                          ; Enable             ; Enable             ;
; Verilog Version                                                            ; Verilog_2001       ; Verilog_2001       ;
; VHDL Version                                                               ; VHDL_1993          ; VHDL_1993          ;
; State Machine Processing                                                   ; Auto               ; Auto               ;
; Safe State Machine                                                         ; Off                ; Off                ;
; Extract Verilog State Machines                                             ; On                 ; On                 ;
; Extract VHDL State Machines                                                ; On                 ; On                 ;
; Ignore Verilog initial constructs                                          ; Off                ; Off                ;
; Iteration limit for constant Verilog loops                                 ; 5000               ; 5000               ;
; Iteration limit for non-constant Verilog loops                             ; 250                ; 250                ;
; Add Pass-Through Logic to Inferred RAMs                                    ; On                 ; On                 ;
; Infer RAMs from Raw Logic                                                  ; On                 ; On                 ;
; Parallel Synthesis                                                         ; On                 ; On                 ;
; DSP Block Balancing                                                        ; Auto               ; Auto               ;
; NOT Gate Push-Back                                                         ; On                 ; On                 ;
; Power-Up Don't Care                                                        ; On                 ; On                 ;
; Remove Redundant Logic Cells                                               ; Off                ; Off                ;
; Remove Duplicate Registers                                                 ; On                 ; On                 ;
; Ignore CARRY Buffers                                                       ; Off                ; Off                ;
; Ignore CASCADE Buffers                                                     ; Off                ; Off                ;
; Ignore GLOBAL Buffers                                                      ; Off                ; Off                ;
; Ignore ROW GLOBAL Buffers                                                  ; Off                ; Off                ;
; Ignore LCELL Buffers                                                       ; Off                ; Off                ;
; Ignore SOFT Buffers                                                        ; On                 ; On                 ;
; Limit AHDL Integers to 32 Bits                                             ; Off                ; Off                ;
; Optimization Technique                                                     ; Balanced           ; Balanced           ;
; Carry Chain Length                                                         ; 70                 ; 70                 ;
; Auto Carry Chains                                                          ; On                 ; On                 ;
; Auto Open-Drain Pins                                                       ; On                 ; On                 ;
; Perform WYSIWYG Primitive Resynthesis                                      ; Off                ; Off                ;
; Auto ROM Replacement                                                       ; On                 ; On                 ;
; Auto RAM Replacement                                                       ; On                 ; On                 ;
; Auto DSP Block Replacement                                                 ; On                 ; On                 ;
; Auto Shift Register Replacement                                            ; Auto               ; Auto               ;
; Allow Shift Register Merging across Hierarchies                            ; Auto               ; Auto               ;
; Auto Clock Enable Replacement                                              ; On                 ; On                 ;
; Strict RAM Replacement                                                     ; Off                ; Off                ;
; Allow Synchronous Control Signals                                          ; On                 ; On                 ;
; Force Use of Synchronous Clear Signals                                     ; Off                ; Off                ;
; Auto RAM Block Balancing                                                   ; On                 ; On                 ;
; Auto RAM to Logic Cell Conversion                                          ; Off                ; Off                ;
; Auto Resource Sharing                                                      ; Off                ; Off                ;
; Allow Any RAM Size For Recognition                                         ; Off                ; Off                ;
; Allow Any ROM Size For Recognition                                         ; Off                ; Off                ;
; Allow Any Shift Register Size For Recognition                              ; Off                ; Off                ;
; Use LogicLock Constraints during Resource Balancing                        ; On                 ; On                 ;
; Ignore translate_off and synthesis_off directives                          ; Off                ; Off                ;
; Timing-Driven Synthesis                                                    ; On                 ; On                 ;
; Report Parameter Settings                                                  ; On                 ; On                 ;
; Report Source Assignments                                                  ; On                 ; On                 ;
; Report Connectivity Checks                                                 ; On                 ; On                 ;
; Ignore Maximum Fan-Out Assignments                                         ; Off                ; Off                ;
; Synchronization Register Chain Length                                      ; 2                  ; 2                  ;
; PowerPlay Power Optimization During Synthesis                              ; Normal compilation ; Normal compilation ;
; HDL message level                                                          ; Level2             ; Level2             ;
; Suppress Register Optimization Related Messages                            ; Off                ; Off                ;
; Number of Removed Registers Reported in Synthesis Report                   ; 5000               ; 5000               ;
; Number of Swept Nodes Reported in Synthesis Report                         ; 5000               ; 5000               ;
; Number of Inverted Registers Reported in Synthesis Report                  ; 100                ; 100                ;
; Clock MUX Protection                                                       ; On                 ; On                 ;
; Auto Gated Clock Conversion                                                ; Off                ; Off                ;
; Block Design Naming                                                        ; Auto               ; Auto               ;
; SDC constraint protection                                                  ; Off                ; Off                ;
; Synthesis Effort                                                           ; Auto               ; Auto               ;
; Shift Register Replacement - Allow Asynchronous Clear Signal               ; On                 ; On                 ;
; Pre-Mapping Resynthesis Optimization                                       ; Off                ; Off                ;
; Analysis & Synthesis Message Level                                         ; Medium             ; Medium             ;
; Disable Register Merging Across Hierarchies                                ; Auto               ; Auto               ;
; Resource Aware Inference For Block RAM                                     ; On                 ; On                 ;
+----------------------------------------------------------------------------+--------------------+--------------------+


+------------------------------------------+
; Parallel Compilation                     ;
+----------------------------+-------------+
; Processors                 ; Number      ;
+----------------------------+-------------+
; Number detected on machine ; 4           ;
; Maximum allowed            ; 2           ;
;                            ;             ;
; Average used               ; 1.00        ;
; Maximum used               ; 1           ;
;                            ;             ;
; Usage by Processor         ; % Time Used ;
;     Processor 1            ; 100.0%      ;
+----------------------------+-------------+


+----------------------------------------------------------------------------------------------------------------------------------------------------------------------------------+
; Analysis & Synthesis Source Files Read                                                                                                                                           ;
+----------------------------------------+-----------------+------------------------------+------------------------------------------------------------------------------+---------+
; File Name with User-Entered Path       ; Used in Netlist ; File Type                    ; File Name with Absolute Path                                                 ; Library ;
+----------------------------------------+-----------------+------------------------------+------------------------------------------------------------------------------+---------+
; ../../lab3_7segHEX0/synthesis/seg7.v   ; yes             ; User Verilog HDL File        ; C:/Users/paulm/OneDrive/Documents/lab3stuff/lab3_7segHEX0/synthesis/seg7.v   ;         ;
; ../../lab3testgen/synthesis/testgen.v  ; yes             ; User Verilog HDL File        ; C:/Users/paulm/OneDrive/Documents/lab3stuff/lab3testgen/synthesis/testgen.v  ;         ;
; ../../lab3sort4/sort4.v                ; yes             ; User Verilog HDL File        ; C:/Users/paulm/OneDrive/Documents/lab3stuff/lab3sort4/sort4.v                ;         ;
; ../../lab3sort2/synthesis/lab3sortp1.v ; yes             ; User Verilog HDL File        ; C:/Users/paulm/OneDrive/Documents/lab3stuff/lab3sort2/synthesis/lab3sortp1.v ;         ;
; ../../lab3bub/bubble4.v                ; yes             ; User Verilog HDL File        ; C:/Users/paulm/OneDrive/Documents/lab3stuff/lab3bub/bubble4.v                ;         ;
; top.v                                  ; yes             ; Auto-Found Verilog HDL File  ; C:/Users/paulm/OneDrive/Documents/lab3stuff/lab3top/synthesis/top.v          ;         ;
+----------------------------------------+-----------------+------------------------------+------------------------------------------------------------------------------+---------+


+-----------------------------------------------------------+
; Analysis & Synthesis Resource Usage Summary               ;
+---------------------------------------------+-------------+
; Resource                                    ; Usage       ;
+---------------------------------------------+-------------+
; Estimated Total logic elements              ; 29          ;
;                                             ;             ;
; Total combinational functions               ; 29          ;
; Logic element usage by number of LUT inputs ;             ;
;     -- 4 input functions                    ; 0           ;
;     -- 3 input functions                    ; 21          ;
;     -- <=2 input functions                  ; 8           ;
;                                             ;             ;
; Logic elements by mode                      ;             ;
;     -- normal mode                          ; 29          ;
;     -- arithmetic mode                      ; 0           ;
;                                             ;             ;
; Total registers                             ; 0           ;
;     -- Dedicated logic registers            ; 0           ;
;     -- I/O registers                        ; 0           ;
;                                             ;             ;
; I/O pins                                    ; 73          ;
;                                             ;             ;
; Embedded Multiplier 9-bit elements          ; 0           ;
;                                             ;             ;
; Maximum fan-out node                        ; SW[0]~input ;
; Maximum fan-out                             ; 40          ;
; Total fan-out                               ; 199         ;
; Average fan-out                             ; 1.14        ;
+---------------------------------------------+-------------+


+-------------------------------------------------------------------------------------------------------------------------------------------------------------------------------------------------------------------------------------------------------------------------------------+
; Analysis & Synthesis Resource Utilization by Entity                                                                                                                                                                                                                                 ;
+------------------------------------+---------------------+---------------------------+-------------+------------+--------------+---------+-----------+------+--------------+------------+--------------------------------------------------------------+-------------+--------------+
; Compilation Hierarchy Node         ; Combinational ALUTs ; Dedicated Logic Registers ; Memory Bits ; UFM Blocks ; DSP Elements ; DSP 9x9 ; DSP 18x18 ; Pins ; Virtual Pins ; ADC blocks ; Full Hierarchy Name                                          ; Entity Name ; Library Name ;
+------------------------------------+---------------------+---------------------------+-------------+------------+--------------+---------+-----------+------+--------------+------------+--------------------------------------------------------------+-------------+--------------+
; |top                               ; 29 (0)              ; 0 (0)                     ; 0           ; 0          ; 0            ; 0       ; 0         ; 73   ; 0            ; 0          ; |top                                                         ; top         ; work         ;
;    |seg7:seg7_2|                   ; 6 (6)               ; 0 (0)                     ; 0           ; 0          ; 0            ; 0       ; 0         ; 0    ; 0            ; 0          ; |top|seg7:seg7_2                                             ; seg7        ; work         ;
;    |seg7:seg7_3|                   ; 5 (5)               ; 0 (0)                     ; 0           ; 0          ; 0            ; 0       ; 0         ; 0    ; 0            ; 0          ; |top|seg7:seg7_3                                             ; seg7        ; work         ;
;    |seg7:seg7_4|                   ; 5 (5)               ; 0 (0)                     ; 0           ; 0          ; 0            ; 0       ; 0         ; 0    ; 0            ; 0          ; |top|seg7:seg7_4                                             ; seg7        ; work         ;
;    |seg7:seg7_5|                   ; 5 (5)               ; 0 (0)                     ; 0           ; 0          ; 0            ; 0       ; 0         ; 0    ; 0            ; 0          ; |top|seg7:seg7_5                                             ; seg7        ; work         ;
;    |seg7:seg7_6|                   ; 3 (3)               ; 0 (0)                     ; 0           ; 0          ; 0            ; 0       ; 0         ; 0    ; 0            ; 0          ; |top|seg7:seg7_6                                             ; seg7        ; work         ;
;    |sort4:sort4_1|                 ; 5 (0)               ; 0 (0)                     ; 0           ; 0          ; 0            ; 0       ; 0         ; 0    ; 0            ; 0          ; |top|sort4:sort4_1                                           ; sort4       ; work         ;
;       |bubble4:bubble4_3|          ; 5 (0)               ; 0 (0)                     ; 0           ; 0          ; 0            ; 0       ; 0         ; 0    ; 0            ; 0          ; |top|sort4:sort4_1|bubble4:bubble4_3                         ; bubble4     ; work         ;
;          |lab3sortp1:lab3sortp1_1| ; 1 (1)               ; 0 (0)                     ; 0           ; 0          ; 0            ; 0       ; 0         ; 0    ; 0            ; 0          ; |top|sort4:sort4_1|bubble4:bubble4_3|lab3sortp1:lab3sortp1_1 ; lab3sortp1  ; work         ;
;          |lab3sortp1:lab3sortp1_2| ; 2 (2)               ; 0 (0)                     ; 0           ; 0          ; 0            ; 0       ; 0         ; 0    ; 0            ; 0          ; |top|sort4:sort4_1|bubble4:bubble4_3|lab3sortp1:lab3sortp1_2 ; lab3sortp1  ; work         ;
;          |lab3sortp1:lab3sortp1_3| ; 2 (2)               ; 0 (0)                     ; 0           ; 0          ; 0            ; 0       ; 0         ; 0    ; 0            ; 0          ; |top|sort4:sort4_1|bubble4:bubble4_3|lab3sortp1:lab3sortp1_3 ; lab3sortp1  ; work         ;
+------------------------------------+---------------------+---------------------------+-------------+------------+--------------+---------+-----------+------+--------------+------------+--------------------------------------------------------------+-------------+--------------+
Note: For table entries with two numbers listed, the numbers in parentheses indicate the number of resources of the given type used by the specific entity alone. The numbers listed outside of parentheses indicate the total resources of the given type used by the specific entity and all of its sub-entities in the hierarchy.


+------------------------------------------------------------------------------------------------------------------------------------------------------------+
; User-Specified and Inferred Latches                                                                                                                        ;
+-----------------------------------------------------------------+-----------------------------------------------------------------+------------------------+
; Latch Name                                                      ; Latch Enable Signal                                             ; Free of Timing Hazards ;
+-----------------------------------------------------------------+-----------------------------------------------------------------+------------------------+
; sort4:sort4_1|bubble4:bubble4_3|lab3sortp1:lab3sortp1_3|out0[1] ; sort4:sort4_1|bubble4:bubble4_3|lab3sortp1:lab3sortp1_3|out1[3] ; yes                    ;
; sort4:sort4_1|bubble4:bubble4_3|lab3sortp1:lab3sortp1_3|out0[2] ; sort4:sort4_1|bubble4:bubble4_3|lab3sortp1:lab3sortp1_3|out1[3] ; yes                    ;
; sort4:sort4_1|bubble4:bubble4_3|lab3sortp1:lab3sortp1_3|out0[3] ; sort4:sort4_1|bubble4:bubble4_3|lab3sortp1:lab3sortp1_3|out1[3] ; yes                    ;
; sort4:sort4_1|bubble4:bubble4_3|lab3sortp1:lab3sortp1_3|out0[0] ; sort4:sort4_1|bubble4:bubble4_3|lab3sortp1:lab3sortp1_3|out1[3] ; yes                    ;
; sort4:sort4_1|bubble4:bubble4_3|lab3sortp1:lab3sortp1_3|out1[1] ; sort4:sort4_1|bubble4:bubble4_3|lab3sortp1:lab3sortp1_3|out1[3] ; yes                    ;
; sort4:sort4_1|bubble4:bubble4_3|lab3sortp1:lab3sortp1_3|out1[3] ; sort4:sort4_1|bubble4:bubble4_3|lab3sortp1:lab3sortp1_3|out1[3] ; yes                    ;
; sort4:sort4_1|bubble4:bubble4_3|lab3sortp1:lab3sortp1_3|out1[2] ; sort4:sort4_1|bubble4:bubble4_3|lab3sortp1:lab3sortp1_3|out1[3] ; yes                    ;
; sort4:sort4_1|bubble4:bubble4_3|lab3sortp1:lab3sortp1_3|out1[0] ; sort4:sort4_1|bubble4:bubble4_3|lab3sortp1:lab3sortp1_3|out1[3] ; yes                    ;
; sort4:sort4_1|bubble4:bubble4_3|lab3sortp1:lab3sortp1_2|out1[1] ; sort4:sort4_1|bubble4:bubble4_3|lab3sortp1:lab3sortp1_2|out1[3] ; yes                    ;
; sort4:sort4_1|bubble4:bubble4_3|lab3sortp1:lab3sortp1_2|out1[2] ; sort4:sort4_1|bubble4:bubble4_3|lab3sortp1:lab3sortp1_2|out1[3] ; yes                    ;
; sort4:sort4_1|bubble4:bubble4_3|lab3sortp1:lab3sortp1_2|out1[3] ; sort4:sort4_1|bubble4:bubble4_3|lab3sortp1:lab3sortp1_2|out1[3] ; yes                    ;
; sort4:sort4_1|bubble4:bubble4_3|lab3sortp1:lab3sortp1_2|out1[0] ; sort4:sort4_1|bubble4:bubble4_3|lab3sortp1:lab3sortp1_2|out1[3] ; yes                    ;
; sort4:sort4_1|bubble4:bubble4_3|lab3sortp1:lab3sortp1_1|out1[1] ; sort4:sort4_1|bubble4:bubble4_3|lab3sortp1:lab3sortp1_1|out1[3] ; yes                    ;
; sort4:sort4_1|bubble4:bubble4_3|lab3sortp1:lab3sortp1_1|out1[2] ; sort4:sort4_1|bubble4:bubble4_3|lab3sortp1:lab3sortp1_1|out1[3] ; yes                    ;
; sort4:sort4_1|bubble4:bubble4_3|lab3sortp1:lab3sortp1_1|out1[3] ; sort4:sort4_1|bubble4:bubble4_3|lab3sortp1:lab3sortp1_1|out1[3] ; yes                    ;
; sort4:sort4_1|bubble4:bubble4_3|lab3sortp1:lab3sortp1_1|out1[0] ; sort4:sort4_1|bubble4:bubble4_3|lab3sortp1:lab3sortp1_1|out1[3] ; yes                    ;
; sort4:sort4_1|bubble4:bubble4_3|lab3sortp1:lab3sortp1_2|out0[1] ; sort4:sort4_1|bubble4:bubble4_3|lab3sortp1:lab3sortp1_2|out1[3] ; yes                    ;
; sort4:sort4_1|bubble4:bubble4_2|lab3sortp1:lab3sortp1_3|out0[1] ; sort4:sort4_1|bubble4:bubble4_2|lab3sortp1:lab3sortp1_3|out1[3] ; yes                    ;
; sort4:sort4_1|bubble4:bubble4_2|lab3sortp1:lab3sortp1_3|out0[3] ; sort4:sort4_1|bubble4:bubble4_2|lab3sortp1:lab3sortp1_3|out1[3] ; yes                    ;
; sort4:sort4_1|bubble4:bubble4_3|lab3sortp1:lab3sortp1_2|out0[3] ; sort4:sort4_1|bubble4:bubble4_3|lab3sortp1:lab3sortp1_2|out1[3] ; yes                    ;
; sort4:sort4_1|bubble4:bubble4_2|lab3sortp1:lab3sortp1_3|out0[2] ; sort4:sort4_1|bubble4:bubble4_2|lab3sortp1:lab3sortp1_3|out1[3] ; yes                    ;
; sort4:sort4_1|bubble4:bubble4_3|lab3sortp1:lab3sortp1_2|out0[2] ; sort4:sort4_1|bubble4:bubble4_3|lab3sortp1:lab3sortp1_2|out1[3] ; yes                    ;
; sort4:sort4_1|bubble4:bubble4_2|lab3sortp1:lab3sortp1_3|out0[0] ; sort4:sort4_1|bubble4:bubble4_2|lab3sortp1:lab3sortp1_3|out1[3] ; yes                    ;
; sort4:sort4_1|bubble4:bubble4_3|lab3sortp1:lab3sortp1_2|out0[0] ; sort4:sort4_1|bubble4:bubble4_3|lab3sortp1:lab3sortp1_2|out1[3] ; yes                    ;
; sort4:sort4_1|bubble4:bubble4_2|lab3sortp1:lab3sortp1_3|out1[1] ; sort4:sort4_1|bubble4:bubble4_2|lab3sortp1:lab3sortp1_3|out1[3] ; yes                    ;
; sort4:sort4_1|bubble4:bubble4_3|lab3sortp1:lab3sortp1_1|out0[1] ; sort4:sort4_1|bubble4:bubble4_3|lab3sortp1:lab3sortp1_1|out1[3] ; yes                    ;
; sort4:sort4_1|bubble4:bubble4_2|lab3sortp1:lab3sortp1_3|out1[3] ; sort4:sort4_1|bubble4:bubble4_2|lab3sortp1:lab3sortp1_3|out1[3] ; yes                    ;
; sort4:sort4_1|bubble4:bubble4_3|lab3sortp1:lab3sortp1_1|out0[3] ; sort4:sort4_1|bubble4:bubble4_3|lab3sortp1:lab3sortp1_1|out1[3] ; yes                    ;
; sort4:sort4_1|bubble4:bubble4_2|lab3sortp1:lab3sortp1_3|out1[2] ; sort4:sort4_1|bubble4:bubble4_2|lab3sortp1:lab3sortp1_3|out1[3] ; yes                    ;
; sort4:sort4_1|bubble4:bubble4_3|lab3sortp1:lab3sortp1_1|out0[2] ; sort4:sort4_1|bubble4:bubble4_3|lab3sortp1:lab3sortp1_1|out1[3] ; yes                    ;
; sort4:sort4_1|bubble4:bubble4_2|lab3sortp1:lab3sortp1_3|out1[0] ; sort4:sort4_1|bubble4:bubble4_2|lab3sortp1:lab3sortp1_3|out1[3] ; yes                    ;
; sort4:sort4_1|bubble4:bubble4_3|lab3sortp1:lab3sortp1_1|out0[0] ; sort4:sort4_1|bubble4:bubble4_3|lab3sortp1:lab3sortp1_1|out1[3] ; yes                    ;
; sort4:sort4_1|bubble4:bubble4_2|lab3sortp1:lab3sortp1_2|out1[1] ; sort4:sort4_1|bubble4:bubble4_2|lab3sortp1:lab3sortp1_2|out1[3] ; yes                    ;
; sort4:sort4_1|bubble4:bubble4_2|lab3sortp1:lab3sortp1_1|out1[1] ; sort4:sort4_1|bubble4:bubble4_2|lab3sortp1:lab3sortp1_1|out1[3] ; yes                    ;
; sort4:sort4_1|bubble4:bubble4_2|lab3sortp1:lab3sortp1_1|out1[3] ; sort4:sort4_1|bubble4:bubble4_2|lab3sortp1:lab3sortp1_1|out1[3] ; yes                    ;
; sort4:sort4_1|bubble4:bubble4_2|lab3sortp1:lab3sortp1_2|out1[3] ; sort4:sort4_1|bubble4:bubble4_2|lab3sortp1:lab3sortp1_2|out1[3] ; yes                    ;
; sort4:sort4_1|bubble4:bubble4_2|lab3sortp1:lab3sortp1_1|out1[2] ; sort4:sort4_1|bubble4:bubble4_2|lab3sortp1:lab3sortp1_1|out1[3] ; yes                    ;
; sort4:sort4_1|bubble4:bubble4_2|lab3sortp1:lab3sortp1_2|out1[2] ; sort4:sort4_1|bubble4:bubble4_2|lab3sortp1:lab3sortp1_2|out1[3] ; yes                    ;
; sort4:sort4_1|bubble4:bubble4_2|lab3sortp1:lab3sortp1_1|out1[0] ; sort4:sort4_1|bubble4:bubble4_2|lab3sortp1:lab3sortp1_1|out1[3] ; yes                    ;
; sort4:sort4_1|bubble4:bubble4_2|lab3sortp1:lab3sortp1_2|out1[0] ; sort4:sort4_1|bubble4:bubble4_2|lab3sortp1:lab3sortp1_2|out1[3] ; yes                    ;
; sort4:sort4_1|bubble4:bubble4_2|lab3sortp1:lab3sortp1_2|out0[1] ; sort4:sort4_1|bubble4:bubble4_2|lab3sortp1:lab3sortp1_2|out1[3] ; yes                    ;
; sort4:sort4_1|bubble4:bubble4_1|lab3sortp1:lab3sortp1_3|out0[1] ; sort4:sort4_1|bubble4:bubble4_1|lab3sortp1:lab3sortp1_3|out1[3] ; yes                    ;
; sort4:sort4_1|bubble4:bubble4_1|lab3sortp1:lab3sortp1_3|out0[3] ; sort4:sort4_1|bubble4:bubble4_1|lab3sortp1:lab3sortp1_3|out1[3] ; yes                    ;
; sort4:sort4_1|bubble4:bubble4_2|lab3sortp1:lab3sortp1_2|out0[3] ; sort4:sort4_1|bubble4:bubble4_2|lab3sortp1:lab3sortp1_2|out1[3] ; yes                    ;
; sort4:sort4_1|bubble4:bubble4_1|lab3sortp1:lab3sortp1_3|out0[2] ; sort4:sort4_1|bubble4:bubble4_1|lab3sortp1:lab3sortp1_3|out1[3] ; yes                    ;
; sort4:sort4_1|bubble4:bubble4_2|lab3sortp1:lab3sortp1_2|out0[2] ; sort4:sort4_1|bubble4:bubble4_2|lab3sortp1:lab3sortp1_2|out1[3] ; yes                    ;
; sort4:sort4_1|bubble4:bubble4_1|lab3sortp1:lab3sortp1_3|out0[0] ; sort4:sort4_1|bubble4:bubble4_1|lab3sortp1:lab3sortp1_3|out1[3] ; yes                    ;
; sort4:sort4_1|bubble4:bubble4_2|lab3sortp1:lab3sortp1_2|out0[0] ; sort4:sort4_1|bubble4:bubble4_2|lab3sortp1:lab3sortp1_2|out1[3] ; yes                    ;
; sort4:sort4_1|bubble4:bubble4_1|lab3sortp1:lab3sortp1_3|out1[1] ; sort4:sort4_1|bubble4:bubble4_1|lab3sortp1:lab3sortp1_3|out1[3] ; yes                    ;
; sort4:sort4_1|bubble4:bubble4_2|lab3sortp1:lab3sortp1_1|out0[1] ; sort4:sort4_1|bubble4:bubble4_2|lab3sortp1:lab3sortp1_1|out1[3] ; yes                    ;
; sort4:sort4_1|bubble4:bubble4_1|lab3sortp1:lab3sortp1_3|out1[3] ; sort4:sort4_1|bubble4:bubble4_1|lab3sortp1:lab3sortp1_3|out1[3] ; yes                    ;
; sort4:sort4_1|bubble4:bubble4_2|lab3sortp1:lab3sortp1_1|out0[3] ; sort4:sort4_1|bubble4:bubble4_2|lab3sortp1:lab3sortp1_1|out1[3] ; yes                    ;
; sort4:sort4_1|bubble4:bubble4_1|lab3sortp1:lab3sortp1_3|out1[2] ; sort4:sort4_1|bubble4:bubble4_1|lab3sortp1:lab3sortp1_3|out1[3] ; yes                    ;
; sort4:sort4_1|bubble4:bubble4_2|lab3sortp1:lab3sortp1_1|out0[2] ; sort4:sort4_1|bubble4:bubble4_2|lab3sortp1:lab3sortp1_1|out1[3] ; yes                    ;
; sort4:sort4_1|bubble4:bubble4_1|lab3sortp1:lab3sortp1_3|out1[0] ; sort4:sort4_1|bubble4:bubble4_1|lab3sortp1:lab3sortp1_3|out1[3] ; yes                    ;
; sort4:sort4_1|bubble4:bubble4_2|lab3sortp1:lab3sortp1_1|out0[0] ; sort4:sort4_1|bubble4:bubble4_2|lab3sortp1:lab3sortp1_1|out1[3] ; yes                    ;
; sort4:sort4_1|bubble4:bubble4_1|lab3sortp1:lab3sortp1_2|out1[1] ; sort4:sort4_1|bubble4:bubble4_1|lab3sortp1:lab3sortp1_2|out1[3] ; yes                    ;
; sort4:sort4_1|bubble4:bubble4_1|lab3sortp1:lab3sortp1_1|out1[1] ; sort4:sort4_1|bubble4:bubble4_1|lab3sortp1:lab3sortp1_1|out1[3] ; yes                    ;
; sort4:sort4_1|bubble4:bubble4_1|lab3sortp1:lab3sortp1_1|out1[3] ; sort4:sort4_1|bubble4:bubble4_1|lab3sortp1:lab3sortp1_1|out1[3] ; yes                    ;
; sort4:sort4_1|bubble4:bubble4_1|lab3sortp1:lab3sortp1_2|out1[3] ; sort4:sort4_1|bubble4:bubble4_1|lab3sortp1:lab3sortp1_2|out1[3] ; yes                    ;
; sort4:sort4_1|bubble4:bubble4_1|lab3sortp1:lab3sortp1_1|out1[2] ; sort4:sort4_1|bubble4:bubble4_1|lab3sortp1:lab3sortp1_1|out1[3] ; yes                    ;
; sort4:sort4_1|bubble4:bubble4_1|lab3sortp1:lab3sortp1_2|out1[2] ; sort4:sort4_1|bubble4:bubble4_1|lab3sortp1:lab3sortp1_2|out1[3] ; yes                    ;
; sort4:sort4_1|bubble4:bubble4_1|lab3sortp1:lab3sortp1_1|out1[0] ; sort4:sort4_1|bubble4:bubble4_1|lab3sortp1:lab3sortp1_1|out1[3] ; yes                    ;
; sort4:sort4_1|bubble4:bubble4_1|lab3sortp1:lab3sortp1_2|out1[0] ; sort4:sort4_1|bubble4:bubble4_1|lab3sortp1:lab3sortp1_2|out1[3] ; yes                    ;
; sort4:sort4_1|bubble4:bubble4_1|lab3sortp1:lab3sortp1_2|out0[1] ; sort4:sort4_1|bubble4:bubble4_1|lab3sortp1:lab3sortp1_2|out1[3] ; yes                    ;
; sort4:sort4_1|bubble4:bubble4_1|lab3sortp1:lab3sortp1_2|out0[3] ; sort4:sort4_1|bubble4:bubble4_1|lab3sortp1:lab3sortp1_2|out1[3] ; yes                    ;
; sort4:sort4_1|bubble4:bubble4_1|lab3sortp1:lab3sortp1_2|out0[2] ; sort4:sort4_1|bubble4:bubble4_1|lab3sortp1:lab3sortp1_2|out1[3] ; yes                    ;
; sort4:sort4_1|bubble4:bubble4_1|lab3sortp1:lab3sortp1_2|out0[0] ; sort4:sort4_1|bubble4:bubble4_1|lab3sortp1:lab3sortp1_2|out1[3] ; yes                    ;
; sort4:sort4_1|bubble4:bubble4_1|lab3sortp1:lab3sortp1_1|out0[1] ; sort4:sort4_1|bubble4:bubble4_1|lab3sortp1:lab3sortp1_1|out1[3] ; yes                    ;
; sort4:sort4_1|bubble4:bubble4_1|lab3sortp1:lab3sortp1_1|out0[3] ; sort4:sort4_1|bubble4:bubble4_1|lab3sortp1:lab3sortp1_1|out1[3] ; yes                    ;
; sort4:sort4_1|bubble4:bubble4_1|lab3sortp1:lab3sortp1_1|out0[2] ; sort4:sort4_1|bubble4:bubble4_1|lab3sortp1:lab3sortp1_1|out1[3] ; yes                    ;
; sort4:sort4_1|bubble4:bubble4_1|lab3sortp1:lab3sortp1_1|out0[0] ; sort4:sort4_1|bubble4:bubble4_1|lab3sortp1:lab3sortp1_1|out1[3] ; yes                    ;
; Number of user-specified and inferred latches = 72              ;                                                                 ;                        ;
+-----------------------------------------------------------------+-----------------------------------------------------------------+------------------------+
Note: All latches listed above may not be present at the end of synthesis due to various synthesis optimizations.


+------------------------------------------------------+
; General Register Statistics                          ;
+----------------------------------------------+-------+
; Statistic                                    ; Value ;
+----------------------------------------------+-------+
; Total registers                              ; 0     ;
; Number of registers using Synchronous Clear  ; 0     ;
; Number of registers using Synchronous Load   ; 0     ;
; Number of registers using Asynchronous Clear ; 0     ;
; Number of registers using Asynchronous Load  ; 0     ;
; Number of registers using Clock Enable       ; 0     ;
; Number of registers using Preset             ; 0     ;
+----------------------------------------------+-------+


+----------------------------------------------------------+
; Parameter Settings for User Entity Instance: seg7:seg7_2 ;
+----------------+-------+---------------------------------+
; Parameter Name ; Value ; Type                            ;
+----------------+-------+---------------------------------+
; ZERO           ; 1000  ; Unsigned Binary                 ;
; ONE            ; 1111  ; Unsigned Binary                 ;
; TWO            ; 0100  ; Unsigned Binary                 ;
; THREE          ; 0110  ; Unsigned Binary                 ;
; FOUR           ; 0011  ; Unsigned Binary                 ;
; FIVE           ; 0010  ; Unsigned Binary                 ;
; SIX            ; 0000  ; Unsigned Binary                 ;
; SEVEN          ; 1111  ; Unsigned Binary                 ;
; EIGHT          ; 0000  ; Unsigned Binary                 ;
; NINE           ; 0011  ; Unsigned Binary                 ;
; TEN            ; 0001  ; Unsigned Binary                 ;
; ELEVEN         ; 0000  ; Unsigned Binary                 ;
; TWELVE         ; 1000  ; Unsigned Binary                 ;
; THIRTEEN       ; 0100  ; Unsigned Binary                 ;
; FOURTEEN       ; 0000  ; Unsigned Binary                 ;
; FIFTEEN        ; 0001  ; Unsigned Binary                 ;
+----------------+-------+---------------------------------+
Note: In order to hide this table in the UI and the text report file, please set the "Show Parameter Settings in Synthesis Report" option in "Analysis and Synthesis Settings -> More Settings" to "Off".


+----------------------------------------------------------+
; Parameter Settings for User Entity Instance: seg7:seg7_3 ;
+----------------+-------+---------------------------------+
; Parameter Name ; Value ; Type                            ;
+----------------+-------+---------------------------------+
; ZERO           ; 1000  ; Unsigned Binary                 ;
; ONE            ; 1111  ; Unsigned Binary                 ;
; TWO            ; 0100  ; Unsigned Binary                 ;
; THREE          ; 0110  ; Unsigned Binary                 ;
; FOUR           ; 0011  ; Unsigned Binary                 ;
; FIVE           ; 0010  ; Unsigned Binary                 ;
; SIX            ; 0000  ; Unsigned Binary                 ;
; SEVEN          ; 1111  ; Unsigned Binary                 ;
; EIGHT          ; 0000  ; Unsigned Binary                 ;
; NINE           ; 0011  ; Unsigned Binary                 ;
; TEN            ; 0001  ; Unsigned Binary                 ;
; ELEVEN         ; 0000  ; Unsigned Binary                 ;
; TWELVE         ; 1000  ; Unsigned Binary                 ;
; THIRTEEN       ; 0100  ; Unsigned Binary                 ;
; FOURTEEN       ; 0000  ; Unsigned Binary                 ;
; FIFTEEN        ; 0001  ; Unsigned Binary                 ;
+----------------+-------+---------------------------------+
Note: In order to hide this table in the UI and the text report file, please set the "Show Parameter Settings in Synthesis Report" option in "Analysis and Synthesis Settings -> More Settings" to "Off".


+----------------------------------------------------------+
; Parameter Settings for User Entity Instance: seg7:seg7_4 ;
+----------------+-------+---------------------------------+
; Parameter Name ; Value ; Type                            ;
+----------------+-------+---------------------------------+
; ZERO           ; 1000  ; Unsigned Binary                 ;
; ONE            ; 1111  ; Unsigned Binary                 ;
; TWO            ; 0100  ; Unsigned Binary                 ;
; THREE          ; 0110  ; Unsigned Binary                 ;
; FOUR           ; 0011  ; Unsigned Binary                 ;
; FIVE           ; 0010  ; Unsigned Binary                 ;
; SIX            ; 0000  ; Unsigned Binary                 ;
; SEVEN          ; 1111  ; Unsigned Binary                 ;
; EIGHT          ; 0000  ; Unsigned Binary                 ;
; NINE           ; 0011  ; Unsigned Binary                 ;
; TEN            ; 0001  ; Unsigned Binary                 ;
; ELEVEN         ; 0000  ; Unsigned Binary                 ;
; TWELVE         ; 1000  ; Unsigned Binary                 ;
; THIRTEEN       ; 0100  ; Unsigned Binary                 ;
; FOURTEEN       ; 0000  ; Unsigned Binary                 ;
; FIFTEEN        ; 0001  ; Unsigned Binary                 ;
+----------------+-------+---------------------------------+
Note: In order to hide this table in the UI and the text report file, please set the "Show Parameter Settings in Synthesis Report" option in "Analysis and Synthesis Settings -> More Settings" to "Off".


+----------------------------------------------------------+
; Parameter Settings for User Entity Instance: seg7:seg7_5 ;
+----------------+-------+---------------------------------+
; Parameter Name ; Value ; Type                            ;
+----------------+-------+---------------------------------+
; ZERO           ; 1000  ; Unsigned Binary                 ;
; ONE            ; 1111  ; Unsigned Binary                 ;
; TWO            ; 0100  ; Unsigned Binary                 ;
; THREE          ; 0110  ; Unsigned Binary                 ;
; FOUR           ; 0011  ; Unsigned Binary                 ;
; FIVE           ; 0010  ; Unsigned Binary                 ;
; SIX            ; 0000  ; Unsigned Binary                 ;
; SEVEN          ; 1111  ; Unsigned Binary                 ;
; EIGHT          ; 0000  ; Unsigned Binary                 ;
; NINE           ; 0011  ; Unsigned Binary                 ;
; TEN            ; 0001  ; Unsigned Binary                 ;
; ELEVEN         ; 0000  ; Unsigned Binary                 ;
; TWELVE         ; 1000  ; Unsigned Binary                 ;
; THIRTEEN       ; 0100  ; Unsigned Binary                 ;
; FOURTEEN       ; 0000  ; Unsigned Binary                 ;
; FIFTEEN        ; 0001  ; Unsigned Binary                 ;
+----------------+-------+---------------------------------+
Note: In order to hide this table in the UI and the text report file, please set the "Show Parameter Settings in Synthesis Report" option in "Analysis and Synthesis Settings -> More Settings" to "Off".


+----------------------------------------------------------+
; Parameter Settings for User Entity Instance: seg7:seg7_6 ;
+----------------+-------+---------------------------------+
; Parameter Name ; Value ; Type                            ;
+----------------+-------+---------------------------------+
; ZERO           ; 1000  ; Unsigned Binary                 ;
; ONE            ; 1111  ; Unsigned Binary                 ;
; TWO            ; 0100  ; Unsigned Binary                 ;
; THREE          ; 0110  ; Unsigned Binary                 ;
; FOUR           ; 0011  ; Unsigned Binary                 ;
; FIVE           ; 0010  ; Unsigned Binary                 ;
; SIX            ; 0000  ; Unsigned Binary                 ;
; SEVEN          ; 1111  ; Unsigned Binary                 ;
; EIGHT          ; 0000  ; Unsigned Binary                 ;
; NINE           ; 0011  ; Unsigned Binary                 ;
; TEN            ; 0001  ; Unsigned Binary                 ;
; ELEVEN         ; 0000  ; Unsigned Binary                 ;
; TWELVE         ; 1000  ; Unsigned Binary                 ;
; THIRTEEN       ; 0100  ; Unsigned Binary                 ;
; FOURTEEN       ; 0000  ; Unsigned Binary                 ;
; FIFTEEN        ; 0001  ; Unsigned Binary                 ;
+----------------+-------+---------------------------------+
Note: In order to hide this table in the UI and the text report file, please set the "Show Parameter Settings in Synthesis Report" option in "Analysis and Synthesis Settings -> More Settings" to "Off".


+-----------------------------------------------+
; Port Connectivity Checks: "seg7:seg7_6"       ;
+-------------+-------+----------+--------------+
; Port        ; Type  ; Severity ; Details      ;
+-------------+-------+----------+--------------+
; seggy[3..2] ; Input ; Info     ; Stuck at GND ;
+-------------+-------+----------+--------------+


+-----------------------------------------------------+
; Post-Synthesis Netlist Statistics for Top Partition ;
+-----------------------+-----------------------------+
; Type                  ; Count                       ;
+-----------------------+-----------------------------+
; boundary_port         ; 73                          ;
; cycloneiii_lcell_comb ; 37                          ;
;     normal            ; 37                          ;
;         0 data inputs ; 2                           ;
;         1 data inputs ; 6                           ;
;         2 data inputs ; 8                           ;
;         3 data inputs ; 21                          ;
;                       ;                             ;
; Max LUT depth         ; 2.00                        ;
; Average LUT depth     ; 1.23                        ;
+-----------------------+-----------------------------+


+-------------------------------+
; Elapsed Time Per Partition    ;
+----------------+--------------+
; Partition Name ; Elapsed Time ;
+----------------+--------------+
; Top            ; 00:00:01     ;
+----------------+--------------+


+-------------------------------+
; Analysis & Synthesis Messages ;
+-------------------------------+
Info: *******************************************************************
Info: Running Quartus Prime Analysis & Synthesis
    Info: Version 16.1.0 Build 196 10/24/2016 SJ Lite Edition
    Info: Processing started: Tue May 01 15:09:31 2018
Info: Command: quartus_map --read_settings_files=on --write_settings_files=off top -c top
Warning (18236): Number of processors has not been specified which may cause overloading on shared machines.  Set the global assignment NUM_PARALLEL_PROCESSORS in your QSF to an appropriate value for best performance.
Info (20030): Parallel compilation is enabled and will use 2 of the 2 processors detected
Info (12021): Found 1 design units, including 1 entities, in source file /users/paulm/onedrive/documents/lab3stuff/lab3_7seghex0/synthesis/seg7.v
    Info (12023): Found entity 1: seg7 File: C:/Users/paulm/OneDrive/Documents/lab3stuff/lab3_7segHEX0/synthesis/seg7.v Line: 6
Info (12021): Found 1 design units, including 1 entities, in source file /users/paulm/onedrive/documents/lab3stuff/lab3testgen/synthesis/testgen.v
    Info (12023): Found entity 1: testgen File: C:/Users/paulm/OneDrive/Documents/lab3stuff/lab3testgen/synthesis/testgen.v Line: 6
Info (12021): Found 1 design units, including 1 entities, in source file /users/paulm/onedrive/documents/lab3stuff/lab3sort4/sort4.v
    Info (12023): Found entity 1: sort4 File: C:/Users/paulm/OneDrive/Documents/lab3stuff/lab3sort4/sort4.v Line: 6
Info (12021): Found 1 design units, including 1 entities, in source file /users/paulm/onedrive/documents/lab3stuff/lab3sort2/synthesis/lab3sortp1.v
    Info (12023): Found entity 1: lab3sortp1 File: C:/Users/paulm/OneDrive/Documents/lab3stuff/lab3sort2/synthesis/lab3sortp1.v Line: 6
Info (12021): Found 1 design units, including 1 entities, in source file /users/paulm/onedrive/documents/lab3stuff/lab3bub/bubble4.v
    Info (12023): Found entity 1: bubble4 File: C:/Users/paulm/OneDrive/Documents/lab3stuff/lab3bub/bubble4.v Line: 6
Info (12021): Found 1 design units, including 1 entities, in source file top_tb.v
    Info (12023): Found entity 1: top_tb File: C:/Users/paulm/OneDrive/Documents/lab3stuff/lab3top/synthesis/top_tb.v Line: 10
Warning (10236): Verilog HDL Implicit Net warning at seg7.v(120): created implicit net for "q" File: C:/Users/paulm/OneDrive/Documents/lab3stuff/lab3_7segHEX0/synthesis/seg7.v Line: 120
Warning (10236): Verilog HDL Implicit Net warning at seg7.v(121): created implicit net for "r" File: C:/Users/paulm/OneDrive/Documents/lab3stuff/lab3_7segHEX0/synthesis/seg7.v Line: 121
Warning (10236): Verilog HDL Implicit Net warning at seg7.v(122): created implicit net for "s" File: C:/Users/paulm/OneDrive/Documents/lab3stuff/lab3_7segHEX0/synthesis/seg7.v Line: 122
Warning (10236): Verilog HDL Implicit Net warning at seg7.v(123): created implicit net for "t" File: C:/Users/paulm/OneDrive/Documents/lab3stuff/lab3_7segHEX0/synthesis/seg7.v Line: 123
Warning (12125): Using design file top.v, which is not specified as a design file for the current project, but contains definitions for 1 design units and 1 entities in project
    Info (12023): Found entity 1: top File: C:/Users/paulm/OneDrive/Documents/lab3stuff/lab3top/synthesis/top.v Line: 6
Info (12127): Elaborating entity "top" for the top level hierarchy
Warning (10034): Output port "LEDR[6..0]" at top.v(25) has no driver File: C:/Users/paulm/OneDrive/Documents/lab3stuff/lab3top/synthesis/top.v Line: 25
Info (12128): Elaborating entity "testgen" for hierarchy "testgen:testgen_1" File: C:/Users/paulm/OneDrive/Documents/lab3stuff/lab3top/synthesis/top.v Line: 62
Info (12128): Elaborating entity "sort4" for hierarchy "sort4:sort4_1" File: C:/Users/paulm/OneDrive/Documents/lab3stuff/lab3top/synthesis/top.v Line: 63
Info (12128): Elaborating entity "bubble4" for hierarchy "sort4:sort4_1|bubble4:bubble4_1" File: C:/Users/paulm/OneDrive/Documents/lab3stuff/lab3sort4/sort4.v Line: 65
Info (12128): Elaborating entity "lab3sortp1" for hierarchy "sort4:sort4_1|bubble4:bubble4_1|lab3sortp1:lab3sortp1_1" File: C:/Users/paulm/OneDrive/Documents/lab3stuff/lab3bub/bubble4.v Line: 53
Warning (10240): Verilog HDL Always Construct warning at lab3sortp1.v(48): inferring latch(es) for variable "out1", which holds its previous value in one or more paths through the always construct File: C:/Users/paulm/OneDrive/Documents/lab3stuff/lab3sort2/synthesis/lab3sortp1.v Line: 48
Warning (10240): Verilog HDL Always Construct warning at lab3sortp1.v(48): inferring latch(es) for variable "out0", which holds its previous value in one or more paths through the always construct File: C:/Users/paulm/OneDrive/Documents/lab3stuff/lab3sort2/synthesis/lab3sortp1.v Line: 48
Info (10041): Inferred latch for "out0[0]" at lab3sortp1.v(54) File: C:/Users/paulm/OneDrive/Documents/lab3stuff/lab3sort2/synthesis/lab3sortp1.v Line: 54
Info (10041): Inferred latch for "out0[1]" at lab3sortp1.v(54) File: C:/Users/paulm/OneDrive/Documents/lab3stuff/lab3sort2/synthesis/lab3sortp1.v Line: 54
Info (10041): Inferred latch for "out0[2]" at lab3sortp1.v(54) File: C:/Users/paulm/OneDrive/Documents/lab3stuff/lab3sort2/synthesis/lab3sortp1.v Line: 54
Info (10041): Inferred latch for "out0[3]" at lab3sortp1.v(54) File: C:/Users/paulm/OneDrive/Documents/lab3stuff/lab3sort2/synthesis/lab3sortp1.v Line: 54
Info (10041): Inferred latch for "out1[0]" at lab3sortp1.v(54) File: C:/Users/paulm/OneDrive/Documents/lab3stuff/lab3sort2/synthesis/lab3sortp1.v Line: 54
Info (10041): Inferred latch for "out1[1]" at lab3sortp1.v(54) File: C:/Users/paulm/OneDrive/Documents/lab3stuff/lab3sort2/synthesis/lab3sortp1.v Line: 54
Info (10041): Inferred latch for "out1[2]" at lab3sortp1.v(54) File: C:/Users/paulm/OneDrive/Documents/lab3stuff/lab3sort2/synthesis/lab3sortp1.v Line: 54
Info (10041): Inferred latch for "out1[3]" at lab3sortp1.v(54) File: C:/Users/paulm/OneDrive/Documents/lab3stuff/lab3sort2/synthesis/lab3sortp1.v Line: 54
Info (12128): Elaborating entity "seg7" for hierarchy "seg7:seg7_2" File: C:/Users/paulm/OneDrive/Documents/lab3stuff/lab3top/synthesis/top.v Line: 98
Warning (10230): Verilog HDL assignment warning at seg7.v(129): truncated value with size 3 to match size of target (1) File: C:/Users/paulm/OneDrive/Documents/lab3stuff/lab3_7segHEX0/synthesis/seg7.v Line: 129
Warning (10230): Verilog HDL assignment warning at seg7.v(130): truncated value with size 3 to match size of target (1) File: C:/Users/paulm/OneDrive/Documents/lab3stuff/lab3_7segHEX0/synthesis/seg7.v Line: 130
Warning (10230): Verilog HDL assignment warning at seg7.v(131): truncated value with size 3 to match size of target (1) File: C:/Users/paulm/OneDrive/Documents/lab3stuff/lab3_7segHEX0/synthesis/seg7.v Line: 131
Warning (13012): Latch sort4:sort4_1|bubble4:bubble4_3|lab3sortp1:lab3sortp1_3|out0[1] has unsafe behavior File: C:/Users/paulm/OneDrive/Documents/lab3stuff/lab3sort2/synthesis/lab3sortp1.v Line: 54
    Warning (13013): Ports D and ENA on the latch are fed by the same signal sort4:sort4_1|bubble4:bubble4_3|lab3sortp1:lab3sortp1_2|out0[1] File: C:/Users/paulm/OneDrive/Documents/lab3stuff/lab3sort2/synthesis/lab3sortp1.v Line: 54
Warning (13012): Latch sort4:sort4_1|bubble4:bubble4_3|lab3sortp1:lab3sortp1_3|out0[2] has unsafe behavior File: C:/Users/paulm/OneDrive/Documents/lab3stuff/lab3sort2/synthesis/lab3sortp1.v Line: 54
    Warning (13013): Ports D and ENA on the latch are fed by the same signal sort4:sort4_1|bubble4:bubble4_3|lab3sortp1:lab3sortp1_2|out0[2] File: C:/Users/paulm/OneDrive/Documents/lab3stuff/lab3sort2/synthesis/lab3sortp1.v Line: 54
Warning (13012): Latch sort4:sort4_1|bubble4:bubble4_3|lab3sortp1:lab3sortp1_3|out0[3] has unsafe behavior File: C:/Users/paulm/OneDrive/Documents/lab3stuff/lab3sort2/synthesis/lab3sortp1.v Line: 54
    Warning (13013): Ports D and ENA on the latch are fed by the same signal sort4:sort4_1|bubble4:bubble4_3|lab3sortp1:lab3sortp1_2|out0[3] File: C:/Users/paulm/OneDrive/Documents/lab3stuff/lab3sort2/synthesis/lab3sortp1.v Line: 54
Warning (13012): Latch sort4:sort4_1|bubble4:bubble4_3|lab3sortp1:lab3sortp1_3|out0[0] has unsafe behavior File: C:/Users/paulm/OneDrive/Documents/lab3stuff/lab3sort2/synthesis/lab3sortp1.v Line: 54
    Warning (13013): Ports D and ENA on the latch are fed by the same signal sort4:sort4_1|bubble4:bubble4_3|lab3sortp1:lab3sortp1_2|out0[0] File: C:/Users/paulm/OneDrive/Documents/lab3stuff/lab3sort2/synthesis/lab3sortp1.v Line: 54
Warning (13012): Latch sort4:sort4_1|bubble4:bubble4_3|lab3sortp1:lab3sortp1_3|out1[1] has unsafe behavior File: C:/Users/paulm/OneDrive/Documents/lab3stuff/lab3sort2/synthesis/lab3sortp1.v Line: 54
    Warning (13013): Ports D and ENA on the latch are fed by the same signal sort4:sort4_1|bubble4:bubble4_2|lab3sortp1:lab3sortp1_3|out0[1] File: C:/Users/paulm/OneDrive/Documents/lab3stuff/lab3sort2/synthesis/lab3sortp1.v Line: 54
Warning (13012): Latch sort4:sort4_1|bubble4:bubble4_3|lab3sortp1:lab3sortp1_3|out1[3] has unsafe behavior File: C:/Users/paulm/OneDrive/Documents/lab3stuff/lab3sort2/synthesis/lab3sortp1.v Line: 54
    Warning (13013): Ports D and ENA on the latch are fed by the same signal sort4:sort4_1|bubble4:bubble4_2|lab3sortp1:lab3sortp1_3|out0[3] File: C:/Users/paulm/OneDrive/Documents/lab3stuff/lab3sort2/synthesis/lab3sortp1.v Line: 54
Warning (13012): Latch sort4:sort4_1|bubble4:bubble4_3|lab3sortp1:lab3sortp1_3|out1[2] has unsafe behavior File: C:/Users/paulm/OneDrive/Documents/lab3stuff/lab3sort2/synthesis/lab3sortp1.v Line: 54
    Warning (13013): Ports D and ENA on the latch are fed by the same signal sort4:sort4_1|bubble4:bubble4_2|lab3sortp1:lab3sortp1_3|out0[2] File: C:/Users/paulm/OneDrive/Documents/lab3stuff/lab3sort2/synthesis/lab3sortp1.v Line: 54
Warning (13012): Latch sort4:sort4_1|bubble4:bubble4_3|lab3sortp1:lab3sortp1_3|out1[0] has unsafe behavior File: C:/Users/paulm/OneDrive/Documents/lab3stuff/lab3sort2/synthesis/lab3sortp1.v Line: 54
    Warning (13013): Ports D and ENA on the latch are fed by the same signal sort4:sort4_1|bubble4:bubble4_2|lab3sortp1:lab3sortp1_3|out0[0] File: C:/Users/paulm/OneDrive/Documents/lab3stuff/lab3sort2/synthesis/lab3sortp1.v Line: 54
Warning (13012): Latch sort4:sort4_1|bubble4:bubble4_3|lab3sortp1:lab3sortp1_2|out1[1] has unsafe behavior File: C:/Users/paulm/OneDrive/Documents/lab3stuff/lab3sort2/synthesis/lab3sortp1.v Line: 54
    Warning (13013): Ports D and ENA on the latch are fed by the same signal sort4:sort4_1|bubble4:bubble4_2|lab3sortp1:lab3sortp1_3|out1[1] File: C:/Users/paulm/OneDrive/Documents/lab3stuff/lab3sort2/synthesis/lab3sortp1.v Line: 54
Warning (13012): Latch sort4:sort4_1|bubble4:bubble4_3|lab3sortp1:lab3sortp1_2|out1[2] has unsafe behavior File: C:/Users/paulm/OneDrive/Documents/lab3stuff/lab3sort2/synthesis/lab3sortp1.v Line: 54
    Warning (13013): Ports D and ENA on the latch are fed by the same signal sort4:sort4_1|bubble4:bubble4_2|lab3sortp1:lab3sortp1_3|out1[2] File: C:/Users/paulm/OneDrive/Documents/lab3stuff/lab3sort2/synthesis/lab3sortp1.v Line: 54
Warning (13012): Latch sort4:sort4_1|bubble4:bubble4_3|lab3sortp1:lab3sortp1_2|out1[3] has unsafe behavior File: C:/Users/paulm/OneDrive/Documents/lab3stuff/lab3sort2/synthesis/lab3sortp1.v Line: 54
    Warning (13013): Ports D and ENA on the latch are fed by the same signal sort4:sort4_1|bubble4:bubble4_2|lab3sortp1:lab3sortp1_3|out1[3] File: C:/Users/paulm/OneDrive/Documents/lab3stuff/lab3sort2/synthesis/lab3sortp1.v Line: 54
Warning (13012): Latch sort4:sort4_1|bubble4:bubble4_3|lab3sortp1:lab3sortp1_2|out1[0] has unsafe behavior File: C:/Users/paulm/OneDrive/Documents/lab3stuff/lab3sort2/synthesis/lab3sortp1.v Line: 54
    Warning (13013): Ports D and ENA on the latch are fed by the same signal sort4:sort4_1|bubble4:bubble4_2|lab3sortp1:lab3sortp1_3|out1[0] File: C:/Users/paulm/OneDrive/Documents/lab3stuff/lab3sort2/synthesis/lab3sortp1.v Line: 54
Warning (13012): Latch sort4:sort4_1|bubble4:bubble4_3|lab3sortp1:lab3sortp1_1|out1[1] has unsafe behavior File: C:/Users/paulm/OneDrive/Documents/lab3stuff/lab3sort2/synthesis/lab3sortp1.v Line: 54
    Warning (13013): Ports D and ENA on the latch are fed by the same signal sort4:sort4_1|bubble4:bubble4_2|lab3sortp1:lab3sortp1_2|out1[1] File: C:/Users/paulm/OneDrive/Documents/lab3stuff/lab3sort2/synthesis/lab3sortp1.v Line: 54
Warning (13012): Latch sort4:sort4_1|bubble4:bubble4_3|lab3sortp1:lab3sortp1_1|out1[2] has unsafe behavior File: C:/Users/paulm/OneDrive/Documents/lab3stuff/lab3sort2/synthesis/lab3sortp1.v Line: 54
    Warning (13013): Ports D and ENA on the latch are fed by the same signal sort4:sort4_1|bubble4:bubble4_2|lab3sortp1:lab3sortp1_2|out1[2] File: C:/Users/paulm/OneDrive/Documents/lab3stuff/lab3sort2/synthesis/lab3sortp1.v Line: 54
Warning (13012): Latch sort4:sort4_1|bubble4:bubble4_3|lab3sortp1:lab3sortp1_1|out1[3] has unsafe behavior File: C:/Users/paulm/OneDrive/Documents/lab3stuff/lab3sort2/synthesis/lab3sortp1.v Line: 54
    Warning (13013): Ports D and ENA on the latch are fed by the same signal sort4:sort4_1|bubble4:bubble4_2|lab3sortp1:lab3sortp1_2|out1[3] File: C:/Users/paulm/OneDrive/Documents/lab3stuff/lab3sort2/synthesis/lab3sortp1.v Line: 54
Warning (13012): Latch sort4:sort4_1|bubble4:bubble4_3|lab3sortp1:lab3sortp1_1|out1[0] has unsafe behavior File: C:/Users/paulm/OneDrive/Documents/lab3stuff/lab3sort2/synthesis/lab3sortp1.v Line: 54
    Warning (13013): Ports D and ENA on the latch are fed by the same signal sort4:sort4_1|bubble4:bubble4_2|lab3sortp1:lab3sortp1_2|out1[0] File: C:/Users/paulm/OneDrive/Documents/lab3stuff/lab3sort2/synthesis/lab3sortp1.v Line: 54
Warning (13012): Latch sort4:sort4_1|bubble4:bubble4_3|lab3sortp1:lab3sortp1_2|out0[1] has unsafe behavior File: C:/Users/paulm/OneDrive/Documents/lab3stuff/lab3sort2/synthesis/lab3sortp1.v Line: 54
    Warning (13013): Ports D and ENA on the latch are fed by the same signal sort4:sort4_1|bubble4:bubble4_3|lab3sortp1:lab3sortp1_1|out0[1] File: C:/Users/paulm/OneDrive/Documents/lab3stuff/lab3sort2/synthesis/lab3sortp1.v Line: 54
Warning (13012): Latch sort4:sort4_1|bubble4:bubble4_2|lab3sortp1:lab3sortp1_3|out0[1] has unsafe behavior File: C:/Users/paulm/OneDrive/Documents/lab3stuff/lab3sort2/synthesis/lab3sortp1.v Line: 54
    Warning (13013): Ports D and ENA on the latch are fed by the same signal sort4:sort4_1|bubble4:bubble4_2|lab3sortp1:lab3sortp1_2|out0[1] File: C:/Users/paulm/OneDrive/Documents/lab3stuff/lab3sort2/synthesis/lab3sortp1.v Line: 54
Warning (13012): Latch sort4:sort4_1|bubble4:bubble4_2|lab3sortp1:lab3sortp1_3|out0[3] has unsafe behavior File: C:/Users/paulm/OneDrive/Documents/lab3stuff/lab3sort2/synthesis/lab3sortp1.v Line: 54
    Warning (13013): Ports D and ENA on the latch are fed by the same signal sort4:sort4_1|bubble4:bubble4_2|lab3sortp1:lab3sortp1_2|out0[3] File: C:/Users/paulm/OneDrive/Documents/lab3stuff/lab3sort2/synthesis/lab3sortp1.v Line: 54
Warning (13012): Latch sort4:sort4_1|bubble4:bubble4_3|lab3sortp1:lab3sortp1_2|out0[3] has unsafe behavior File: C:/Users/paulm/OneDrive/Documents/lab3stuff/lab3sort2/synthesis/lab3sortp1.v Line: 54
    Warning (13013): Ports D and ENA on the latch are fed by the same signal sort4:sort4_1|bubble4:bubble4_3|lab3sortp1:lab3sortp1_1|out0[3] File: C:/Users/paulm/OneDrive/Documents/lab3stuff/lab3sort2/synthesis/lab3sortp1.v Line: 54
Warning (13012): Latch sort4:sort4_1|bubble4:bubble4_2|lab3sortp1:lab3sortp1_3|out0[2] has unsafe behavior File: C:/Users/paulm/OneDrive/Documents/lab3stuff/lab3sort2/synthesis/lab3sortp1.v Line: 54
    Warning (13013): Ports D and ENA on the latch are fed by the same signal sort4:sort4_1|bubble4:bubble4_2|lab3sortp1:lab3sortp1_2|out0[2] File: C:/Users/paulm/OneDrive/Documents/lab3stuff/lab3sort2/synthesis/lab3sortp1.v Line: 54
Warning (13012): Latch sort4:sort4_1|bubble4:bubble4_3|lab3sortp1:lab3sortp1_2|out0[2] has unsafe behavior File: C:/Users/paulm/OneDrive/Documents/lab3stuff/lab3sort2/synthesis/lab3sortp1.v Line: 54
    Warning (13013): Ports D and ENA on the latch are fed by the same signal sort4:sort4_1|bubble4:bubble4_3|lab3sortp1:lab3sortp1_1|out0[2] File: C:/Users/paulm/OneDrive/Documents/lab3stuff/lab3sort2/synthesis/lab3sortp1.v Line: 54
Warning (13012): Latch sort4:sort4_1|bubble4:bubble4_2|lab3sortp1:lab3sortp1_3|out0[0] has unsafe behavior File: C:/Users/paulm/OneDrive/Documents/lab3stuff/lab3sort2/synthesis/lab3sortp1.v Line: 54
    Warning (13013): Ports D and ENA on the latch are fed by the same signal sort4:sort4_1|bubble4:bubble4_2|lab3sortp1:lab3sortp1_2|out0[0] File: C:/Users/paulm/OneDrive/Documents/lab3stuff/lab3sort2/synthesis/lab3sortp1.v Line: 54
Warning (13012): Latch sort4:sort4_1|bubble4:bubble4_3|lab3sortp1:lab3sortp1_2|out0[0] has unsafe behavior File: C:/Users/paulm/OneDrive/Documents/lab3stuff/lab3sort2/synthesis/lab3sortp1.v Line: 54
    Warning (13013): Ports D and ENA on the latch are fed by the same signal sort4:sort4_1|bubble4:bubble4_3|lab3sortp1:lab3sortp1_1|out0[0] File: C:/Users/paulm/OneDrive/Documents/lab3stuff/lab3sort2/synthesis/lab3sortp1.v Line: 54
Warning (13012): Latch sort4:sort4_1|bubble4:bubble4_2|lab3sortp1:lab3sortp1_3|out1[1] has unsafe behavior File: C:/Users/paulm/OneDrive/Documents/lab3stuff/lab3sort2/synthesis/lab3sortp1.v Line: 54
    Warning (13013): Ports D and ENA on the latch are fed by the same signal sort4:sort4_1|bubble4:bubble4_1|lab3sortp1:lab3sortp1_3|out0[1] File: C:/Users/paulm/OneDrive/Documents/lab3stuff/lab3sort2/synthesis/lab3sortp1.v Line: 54
Warning (13012): Latch sort4:sort4_1|bubble4:bubble4_3|lab3sortp1:lab3sortp1_1|out0[1] has unsafe behavior File: C:/Users/paulm/OneDrive/Documents/lab3stuff/lab3sort2/synthesis/lab3sortp1.v Line: 54
    Warning (13013): Ports D and ENA on the latch are fed by the same signal sort4:sort4_1|bubble4:bubble4_2|lab3sortp1:lab3sortp1_1|out1[1] File: C:/Users/paulm/OneDrive/Documents/lab3stuff/lab3sort2/synthesis/lab3sortp1.v Line: 54
Warning (13012): Latch sort4:sort4_1|bubble4:bubble4_2|lab3sortp1:lab3sortp1_3|out1[3] has unsafe behavior File: C:/Users/paulm/OneDrive/Documents/lab3stuff/lab3sort2/synthesis/lab3sortp1.v Line: 54
    Warning (13013): Ports D and ENA on the latch are fed by the same signal sort4:sort4_1|bubble4:bubble4_1|lab3sortp1:lab3sortp1_3|out0[3] File: C:/Users/paulm/OneDrive/Documents/lab3stuff/lab3sort2/synthesis/lab3sortp1.v Line: 54
Warning (13012): Latch sort4:sort4_1|bubble4:bubble4_3|lab3sortp1:lab3sortp1_1|out0[3] has unsafe behavior File: C:/Users/paulm/OneDrive/Documents/lab3stuff/lab3sort2/synthesis/lab3sortp1.v Line: 54
    Warning (13013): Ports D and ENA on the latch are fed by the same signal sort4:sort4_1|bubble4:bubble4_2|lab3sortp1:lab3sortp1_1|out1[3] File: C:/Users/paulm/OneDrive/Documents/lab3stuff/lab3sort2/synthesis/lab3sortp1.v Line: 54
Warning (13012): Latch sort4:sort4_1|bubble4:bubble4_2|lab3sortp1:lab3sortp1_3|out1[2] has unsafe behavior File: C:/Users/paulm/OneDrive/Documents/lab3stuff/lab3sort2/synthesis/lab3sortp1.v Line: 54
    Warning (13013): Ports D and ENA on the latch are fed by the same signal sort4:sort4_1|bubble4:bubble4_1|lab3sortp1:lab3sortp1_3|out0[2] File: C:/Users/paulm/OneDrive/Documents/lab3stuff/lab3sort2/synthesis/lab3sortp1.v Line: 54
Warning (13012): Latch sort4:sort4_1|bubble4:bubble4_3|lab3sortp1:lab3sortp1_1|out0[2] has unsafe behavior File: C:/Users/paulm/OneDrive/Documents/lab3stuff/lab3sort2/synthesis/lab3sortp1.v Line: 54
    Warning (13013): Ports D and ENA on the latch are fed by the same signal sort4:sort4_1|bubble4:bubble4_2|lab3sortp1:lab3sortp1_1|out1[2] File: C:/Users/paulm/OneDrive/Documents/lab3stuff/lab3sort2/synthesis/lab3sortp1.v Line: 54
Warning (13012): Latch sort4:sort4_1|bubble4:bubble4_2|lab3sortp1:lab3sortp1_3|out1[0] has unsafe behavior File: C:/Users/paulm/OneDrive/Documents/lab3stuff/lab3sort2/synthesis/lab3sortp1.v Line: 54
    Warning (13013): Ports D and ENA on the latch are fed by the same signal sort4:sort4_1|bubble4:bubble4_1|lab3sortp1:lab3sortp1_3|out0[0] File: C:/Users/paulm/OneDrive/Documents/lab3stuff/lab3sort2/synthesis/lab3sortp1.v Line: 54
Warning (13012): Latch sort4:sort4_1|bubble4:bubble4_3|lab3sortp1:lab3sortp1_1|out0[0] has unsafe behavior File: C:/Users/paulm/OneDrive/Documents/lab3stuff/lab3sort2/synthesis/lab3sortp1.v Line: 54
    Warning (13013): Ports D and ENA on the latch are fed by the same signal sort4:sort4_1|bubble4:bubble4_2|lab3sortp1:lab3sortp1_1|out1[0] File: C:/Users/paulm/OneDrive/Documents/lab3stuff/lab3sort2/synthesis/lab3sortp1.v Line: 54
Warning (13012): Latch sort4:sort4_1|bubble4:bubble4_2|lab3sortp1:lab3sortp1_2|out1[1] has unsafe behavior File: C:/Users/paulm/OneDrive/Documents/lab3stuff/lab3sort2/synthesis/lab3sortp1.v Line: 54
    Warning (13013): Ports D and ENA on the latch are fed by the same signal sort4:sort4_1|bubble4:bubble4_1|lab3sortp1:lab3sortp1_3|out1[1] File: C:/Users/paulm/OneDrive/Documents/lab3stuff/lab3sort2/synthesis/lab3sortp1.v Line: 54
Warning (13012): Latch sort4:sort4_1|bubble4:bubble4_2|lab3sortp1:lab3sortp1_1|out1[1] has unsafe behavior File: C:/Users/paulm/OneDrive/Documents/lab3stuff/lab3sort2/synthesis/lab3sortp1.v Line: 54
    Warning (13013): Ports D and ENA on the latch are fed by the same signal sort4:sort4_1|bubble4:bubble4_1|lab3sortp1:lab3sortp1_2|out1[1] File: C:/Users/paulm/OneDrive/Documents/lab3stuff/lab3sort2/synthesis/lab3sortp1.v Line: 54
Warning (13012): Latch sort4:sort4_1|bubble4:bubble4_2|lab3sortp1:lab3sortp1_1|out1[3] has unsafe behavior File: C:/Users/paulm/OneDrive/Documents/lab3stuff/lab3sort2/synthesis/lab3sortp1.v Line: 54
    Warning (13013): Ports D and ENA on the latch are fed by the same signal sort4:sort4_1|bubble4:bubble4_1|lab3sortp1:lab3sortp1_2|out1[3] File: C:/Users/paulm/OneDrive/Documents/lab3stuff/lab3sort2/synthesis/lab3sortp1.v Line: 54
Warning (13012): Latch sort4:sort4_1|bubble4:bubble4_2|lab3sortp1:lab3sortp1_2|out1[3] has unsafe behavior File: C:/Users/paulm/OneDrive/Documents/lab3stuff/lab3sort2/synthesis/lab3sortp1.v Line: 54
    Warning (13013): Ports D and ENA on the latch are fed by the same signal sort4:sort4_1|bubble4:bubble4_1|lab3sortp1:lab3sortp1_3|out1[3] File: C:/Users/paulm/OneDrive/Documents/lab3stuff/lab3sort2/synthesis/lab3sortp1.v Line: 54
Warning (13012): Latch sort4:sort4_1|bubble4:bubble4_2|lab3sortp1:lab3sortp1_1|out1[2] has unsafe behavior File: C:/Users/paulm/OneDrive/Documents/lab3stuff/lab3sort2/synthesis/lab3sortp1.v Line: 54
    Warning (13013): Ports D and ENA on the latch are fed by the same signal sort4:sort4_1|bubble4:bubble4_1|lab3sortp1:lab3sortp1_2|out1[2] File: C:/Users/paulm/OneDrive/Documents/lab3stuff/lab3sort2/synthesis/lab3sortp1.v Line: 54
Warning (13012): Latch sort4:sort4_1|bubble4:bubble4_2|lab3sortp1:lab3sortp1_2|out1[2] has unsafe behavior File: C:/Users/paulm/OneDrive/Documents/lab3stuff/lab3sort2/synthesis/lab3sortp1.v Line: 54
    Warning (13013): Ports D and ENA on the latch are fed by the same signal sort4:sort4_1|bubble4:bubble4_1|lab3sortp1:lab3sortp1_3|out1[2] File: C:/Users/paulm/OneDrive/Documents/lab3stuff/lab3sort2/synthesis/lab3sortp1.v Line: 54
Warning (13012): Latch sort4:sort4_1|bubble4:bubble4_2|lab3sortp1:lab3sortp1_1|out1[0] has unsafe behavior File: C:/Users/paulm/OneDrive/Documents/lab3stuff/lab3sort2/synthesis/lab3sortp1.v Line: 54
    Warning (13013): Ports D and ENA on the latch are fed by the same signal sort4:sort4_1|bubble4:bubble4_1|lab3sortp1:lab3sortp1_2|out1[0] File: C:/Users/paulm/OneDrive/Documents/lab3stuff/lab3sort2/synthesis/lab3sortp1.v Line: 54
Warning (13012): Latch sort4:sort4_1|bubble4:bubble4_2|lab3sortp1:lab3sortp1_2|out1[0] has unsafe behavior File: C:/Users/paulm/OneDrive/Documents/lab3stuff/lab3sort2/synthesis/lab3sortp1.v Line: 54
    Warning (13013): Ports D and ENA on the latch are fed by the same signal sort4:sort4_1|bubble4:bubble4_1|lab3sortp1:lab3sortp1_3|out1[0] File: C:/Users/paulm/OneDrive/Documents/lab3stuff/lab3sort2/synthesis/lab3sortp1.v Line: 54
Warning (13012): Latch sort4:sort4_1|bubble4:bubble4_2|lab3sortp1:lab3sortp1_2|out0[1] has unsafe behavior File: C:/Users/paulm/OneDrive/Documents/lab3stuff/lab3sort2/synthesis/lab3sortp1.v Line: 54
    Warning (13013): Ports D and ENA on the latch are fed by the same signal sort4:sort4_1|bubble4:bubble4_2|lab3sortp1:lab3sortp1_1|out0[1] File: C:/Users/paulm/OneDrive/Documents/lab3stuff/lab3sort2/synthesis/lab3sortp1.v Line: 54
Warning (13012): Latch sort4:sort4_1|bubble4:bubble4_1|lab3sortp1:lab3sortp1_3|out0[1] has unsafe behavior File: C:/Users/paulm/OneDrive/Documents/lab3stuff/lab3sort2/synthesis/lab3sortp1.v Line: 54
    Warning (13013): Ports D and ENA on the latch are fed by the same signal sort4:sort4_1|bubble4:bubble4_1|lab3sortp1:lab3sortp1_2|out0[1] File: C:/Users/paulm/OneDrive/Documents/lab3stuff/lab3sort2/synthesis/lab3sortp1.v Line: 54
Warning (13012): Latch sort4:sort4_1|bubble4:bubble4_1|lab3sortp1:lab3sortp1_3|out0[3] has unsafe behavior File: C:/Users/paulm/OneDrive/Documents/lab3stuff/lab3sort2/synthesis/lab3sortp1.v Line: 54
    Warning (13013): Ports D and ENA on the latch are fed by the same signal sort4:sort4_1|bubble4:bubble4_1|lab3sortp1:lab3sortp1_2|out0[3] File: C:/Users/paulm/OneDrive/Documents/lab3stuff/lab3sort2/synthesis/lab3sortp1.v Line: 54
Warning (13012): Latch sort4:sort4_1|bubble4:bubble4_2|lab3sortp1:lab3sortp1_2|out0[3] has unsafe behavior File: C:/Users/paulm/OneDrive/Documents/lab3stuff/lab3sort2/synthesis/lab3sortp1.v Line: 54
    Warning (13013): Ports D and ENA on the latch are fed by the same signal sort4:sort4_1|bubble4:bubble4_2|lab3sortp1:lab3sortp1_1|out0[3] File: C:/Users/paulm/OneDrive/Documents/lab3stuff/lab3sort2/synthesis/lab3sortp1.v Line: 54
Warning (13012): Latch sort4:sort4_1|bubble4:bubble4_1|lab3sortp1:lab3sortp1_3|out0[2] has unsafe behavior File: C:/Users/paulm/OneDrive/Documents/lab3stuff/lab3sort2/synthesis/lab3sortp1.v Line: 54
    Warning (13013): Ports D and ENA on the latch are fed by the same signal sort4:sort4_1|bubble4:bubble4_1|lab3sortp1:lab3sortp1_2|out0[2] File: C:/Users/paulm/OneDrive/Documents/lab3stuff/lab3sort2/synthesis/lab3sortp1.v Line: 54
Warning (13012): Latch sort4:sort4_1|bubble4:bubble4_2|lab3sortp1:lab3sortp1_2|out0[2] has unsafe behavior File: C:/Users/paulm/OneDrive/Documents/lab3stuff/lab3sort2/synthesis/lab3sortp1.v Line: 54
    Warning (13013): Ports D and ENA on the latch are fed by the same signal sort4:sort4_1|bubble4:bubble4_2|lab3sortp1:lab3sortp1_1|out0[2] File: C:/Users/paulm/OneDrive/Documents/lab3stuff/lab3sort2/synthesis/lab3sortp1.v Line: 54
Warning (13012): Latch sort4:sort4_1|bubble4:bubble4_1|lab3sortp1:lab3sortp1_3|out0[0] has unsafe behavior File: C:/Users/paulm/OneDrive/Documents/lab3stuff/lab3sort2/synthesis/lab3sortp1.v Line: 54
    Warning (13013): Ports D and ENA on the latch are fed by the same signal sort4:sort4_1|bubble4:bubble4_1|lab3sortp1:lab3sortp1_2|out0[0] File: C:/Users/paulm/OneDrive/Documents/lab3stuff/lab3sort2/synthesis/lab3sortp1.v Line: 54
Warning (13012): Latch sort4:sort4_1|bubble4:bubble4_2|lab3sortp1:lab3sortp1_2|out0[0] has unsafe behavior File: C:/Users/paulm/OneDrive/Documents/lab3stuff/lab3sort2/synthesis/lab3sortp1.v Line: 54
    Warning (13013): Ports D and ENA on the latch are fed by the same signal sort4:sort4_1|bubble4:bubble4_2|lab3sortp1:lab3sortp1_1|out0[0] File: C:/Users/paulm/OneDrive/Documents/lab3stuff/lab3sort2/synthesis/lab3sortp1.v Line: 54
Warning (13012): Latch sort4:sort4_1|bubble4:bubble4_1|lab3sortp1:lab3sortp1_3|out1[1] has unsafe behavior File: C:/Users/paulm/OneDrive/Documents/lab3stuff/lab3sort2/synthesis/lab3sortp1.v Line: 54
    Warning (13013): Ports D and ENA on the latch are fed by the same signal sort4:sort4_1|bubble4:bubble4_1|lab3sortp1:lab3sortp1_2|out0[1] File: C:/Users/paulm/OneDrive/Documents/lab3stuff/lab3sort2/synthesis/lab3sortp1.v Line: 54
Warning (13012): Latch sort4:sort4_1|bubble4:bubble4_2|lab3sortp1:lab3sortp1_1|out0[1] has unsafe behavior File: C:/Users/paulm/OneDrive/Documents/lab3stuff/lab3sort2/synthesis/lab3sortp1.v Line: 54
    Warning (13013): Ports D and ENA on the latch are fed by the same signal sort4:sort4_1|bubble4:bubble4_1|lab3sortp1:lab3sortp1_1|out1[1] File: C:/Users/paulm/OneDrive/Documents/lab3stuff/lab3sort2/synthesis/lab3sortp1.v Line: 54
Warning (13012): Latch sort4:sort4_1|bubble4:bubble4_1|lab3sortp1:lab3sortp1_3|out1[3] has unsafe behavior File: C:/Users/paulm/OneDrive/Documents/lab3stuff/lab3sort2/synthesis/lab3sortp1.v Line: 54
    Warning (13013): Ports D and ENA on the latch are fed by the same signal sort4:sort4_1|bubble4:bubble4_1|lab3sortp1:lab3sortp1_2|out0[3] File: C:/Users/paulm/OneDrive/Documents/lab3stuff/lab3sort2/synthesis/lab3sortp1.v Line: 54
Warning (13012): Latch sort4:sort4_1|bubble4:bubble4_2|lab3sortp1:lab3sortp1_1|out0[3] has unsafe behavior File: C:/Users/paulm/OneDrive/Documents/lab3stuff/lab3sort2/synthesis/lab3sortp1.v Line: 54
    Warning (13013): Ports D and ENA on the latch are fed by the same signal sort4:sort4_1|bubble4:bubble4_1|lab3sortp1:lab3sortp1_1|out1[3] File: C:/Users/paulm/OneDrive/Documents/lab3stuff/lab3sort2/synthesis/lab3sortp1.v Line: 54
Warning (13012): Latch sort4:sort4_1|bubble4:bubble4_1|lab3sortp1:lab3sortp1_3|out1[2] has unsafe behavior File: C:/Users/paulm/OneDrive/Documents/lab3stuff/lab3sort2/synthesis/lab3sortp1.v Line: 54
    Warning (13013): Ports D and ENA on the latch are fed by the same signal SW[1] File: C:/Users/paulm/OneDrive/Documents/lab3stuff/lab3top/synthesis/top.v Line: 28
Warning (13012): Latch sort4:sort4_1|bubble4:bubble4_2|lab3sortp1:lab3sortp1_1|out0[2] has unsafe behavior File: C:/Users/paulm/OneDrive/Documents/lab3stuff/lab3sort2/synthesis/lab3sortp1.v Line: 54
    Warning (13013): Ports D and ENA on the latch are fed by the same signal sort4:sort4_1|bubble4:bubble4_1|lab3sortp1:lab3sortp1_1|out1[2] File: C:/Users/paulm/OneDrive/Documents/lab3stuff/lab3sort2/synthesis/lab3sortp1.v Line: 54
Warning (13012): Latch sort4:sort4_1|bubble4:bubble4_1|lab3sortp1:lab3sortp1_3|out1[0] has unsafe behavior File: C:/Users/paulm/OneDrive/Documents/lab3stuff/lab3sort2/synthesis/lab3sortp1.v Line: 54
    Warning (13013): Ports D and ENA on the latch are fed by the same signal sort4:sort4_1|bubble4:bubble4_1|lab3sortp1:lab3sortp1_2|out0[0] File: C:/Users/paulm/OneDrive/Documents/lab3stuff/lab3sort2/synthesis/lab3sortp1.v Line: 54
Warning (13012): Latch sort4:sort4_1|bubble4:bubble4_2|lab3sortp1:lab3sortp1_1|out0[0] has unsafe behavior File: C:/Users/paulm/OneDrive/Documents/lab3stuff/lab3sort2/synthesis/lab3sortp1.v Line: 54
    Warning (13013): Ports D and ENA on the latch are fed by the same signal sort4:sort4_1|bubble4:bubble4_1|lab3sortp1:lab3sortp1_1|out1[0] File: C:/Users/paulm/OneDrive/Documents/lab3stuff/lab3sort2/synthesis/lab3sortp1.v Line: 54
Warning (13012): Latch sort4:sort4_1|bubble4:bubble4_1|lab3sortp1:lab3sortp1_2|out1[1] has unsafe behavior File: C:/Users/paulm/OneDrive/Documents/lab3stuff/lab3sort2/synthesis/lab3sortp1.v Line: 54
    Warning (13013): Ports D and ENA on the latch are fed by the same signal sort4:sort4_1|bubble4:bubble4_1|lab3sortp1:lab3sortp1_1|out0[1] File: C:/Users/paulm/OneDrive/Documents/lab3stuff/lab3sort2/synthesis/lab3sortp1.v Line: 54
Warning (13012): Latch sort4:sort4_1|bubble4:bubble4_1|lab3sortp1:lab3sortp1_1|out1[1] has unsafe behavior File: C:/Users/paulm/OneDrive/Documents/lab3stuff/lab3sort2/synthesis/lab3sortp1.v Line: 54
    Warning (13013): Ports D and ENA on the latch are fed by the same signal SW[0] File: C:/Users/paulm/OneDrive/Documents/lab3stuff/lab3top/synthesis/top.v Line: 28
Warning (13012): Latch sort4:sort4_1|bubble4:bubble4_1|lab3sortp1:lab3sortp1_1|out1[3] has unsafe behavior File: C:/Users/paulm/OneDrive/Documents/lab3stuff/lab3sort2/synthesis/lab3sortp1.v Line: 54
    Warning (13013): Ports D and ENA on the latch are fed by the same signal SW[0] File: C:/Users/paulm/OneDrive/Documents/lab3stuff/lab3top/synthesis/top.v Line: 28
Warning (13012): Latch sort4:sort4_1|bubble4:bubble4_1|lab3sortp1:lab3sortp1_2|out1[3] has unsafe behavior File: C:/Users/paulm/OneDrive/Documents/lab3stuff/lab3sort2/synthesis/lab3sortp1.v Line: 54
    Warning (13013): Ports D and ENA on the latch are fed by the same signal SW[0] File: C:/Users/paulm/OneDrive/Documents/lab3stuff/lab3top/synthesis/top.v Line: 28
Warning (13012): Latch sort4:sort4_1|bubble4:bubble4_1|lab3sortp1:lab3sortp1_1|out1[2] has unsafe behavior File: C:/Users/paulm/OneDrive/Documents/lab3stuff/lab3sort2/synthesis/lab3sortp1.v Line: 54
    Warning (13013): Ports D and ENA on the latch are fed by the same signal SW[0] File: C:/Users/paulm/OneDrive/Documents/lab3stuff/lab3top/synthesis/top.v Line: 28
Warning (13012): Latch sort4:sort4_1|bubble4:bubble4_1|lab3sortp1:lab3sortp1_2|out1[2] has unsafe behavior File: C:/Users/paulm/OneDrive/Documents/lab3stuff/lab3sort2/synthesis/lab3sortp1.v Line: 54
    Warning (13013): Ports D and ENA on the latch are fed by the same signal SW[0] File: C:/Users/paulm/OneDrive/Documents/lab3stuff/lab3top/synthesis/top.v Line: 28
Warning (13012): Latch sort4:sort4_1|bubble4:bubble4_1|lab3sortp1:lab3sortp1_1|out1[0] has unsafe behavior File: C:/Users/paulm/OneDrive/Documents/lab3stuff/lab3sort2/synthesis/lab3sortp1.v Line: 54
    Warning (13013): Ports D and ENA on the latch are fed by the same signal SW[1] File: C:/Users/paulm/OneDrive/Documents/lab3stuff/lab3top/synthesis/top.v Line: 28
Warning (13012): Latch sort4:sort4_1|bubble4:bubble4_1|lab3sortp1:lab3sortp1_2|out1[0] has unsafe behavior File: C:/Users/paulm/OneDrive/Documents/lab3stuff/lab3sort2/synthesis/lab3sortp1.v Line: 54
    Warning (13013): Ports D and ENA on the latch are fed by the same signal SW[1] File: C:/Users/paulm/OneDrive/Documents/lab3stuff/lab3top/synthesis/top.v Line: 28
Warning (13012): Latch sort4:sort4_1|bubble4:bubble4_1|lab3sortp1:lab3sortp1_2|out0[1] has unsafe behavior File: C:/Users/paulm/OneDrive/Documents/lab3stuff/lab3sort2/synthesis/lab3sortp1.v Line: 54
    Warning (13013): Ports D and ENA on the latch are fed by the same signal sort4:sort4_1|bubble4:bubble4_1|lab3sortp1:lab3sortp1_1|out0[1] File: C:/Users/paulm/OneDrive/Documents/lab3stuff/lab3sort2/synthesis/lab3sortp1.v Line: 54
Warning (13012): Latch sort4:sort4_1|bubble4:bubble4_1|lab3sortp1:lab3sortp1_2|out0[3] has unsafe behavior File: C:/Users/paulm/OneDrive/Documents/lab3stuff/lab3sort2/synthesis/lab3sortp1.v Line: 54
    Warning (13013): Ports D and ENA on the latch are fed by the same signal sort4:sort4_1|bubble4:bubble4_1|lab3sortp1:lab3sortp1_1|out0[3] File: C:/Users/paulm/OneDrive/Documents/lab3stuff/lab3sort2/synthesis/lab3sortp1.v Line: 54
Warning (13012): Latch sort4:sort4_1|bubble4:bubble4_1|lab3sortp1:lab3sortp1_2|out0[2] has unsafe behavior File: C:/Users/paulm/OneDrive/Documents/lab3stuff/lab3sort2/synthesis/lab3sortp1.v Line: 54
    Warning (13013): Ports D and ENA on the latch are fed by the same signal sort4:sort4_1|bubble4:bubble4_1|lab3sortp1:lab3sortp1_1|out0[2] File: C:/Users/paulm/OneDrive/Documents/lab3stuff/lab3sort2/synthesis/lab3sortp1.v Line: 54
Warning (13012): Latch sort4:sort4_1|bubble4:bubble4_1|lab3sortp1:lab3sortp1_2|out0[0] has unsafe behavior File: C:/Users/paulm/OneDrive/Documents/lab3stuff/lab3sort2/synthesis/lab3sortp1.v Line: 54
    Warning (13013): Ports D and ENA on the latch are fed by the same signal sort4:sort4_1|bubble4:bubble4_1|lab3sortp1:lab3sortp1_1|out0[0] File: C:/Users/paulm/OneDrive/Documents/lab3stuff/lab3sort2/synthesis/lab3sortp1.v Line: 54
Warning (13012): Latch sort4:sort4_1|bubble4:bubble4_1|lab3sortp1:lab3sortp1_1|out0[1] has unsafe behavior File: C:/Users/paulm/OneDrive/Documents/lab3stuff/lab3sort2/synthesis/lab3sortp1.v Line: 54
    Warning (13013): Ports D and ENA on the latch are fed by the same signal SW[0] File: C:/Users/paulm/OneDrive/Documents/lab3stuff/lab3top/synthesis/top.v Line: 28
Warning (13012): Latch sort4:sort4_1|bubble4:bubble4_1|lab3sortp1:lab3sortp1_1|out0[3] has unsafe behavior File: C:/Users/paulm/OneDrive/Documents/lab3stuff/lab3sort2/synthesis/lab3sortp1.v Line: 54
    Warning (13013): Ports D and ENA on the latch are fed by the same signal SW[0] File: C:/Users/paulm/OneDrive/Documents/lab3stuff/lab3top/synthesis/top.v Line: 28
Warning (13012): Latch sort4:sort4_1|bubble4:bubble4_1|lab3sortp1:lab3sortp1_1|out0[2] has unsafe behavior File: C:/Users/paulm/OneDrive/Documents/lab3stuff/lab3sort2/synthesis/lab3sortp1.v Line: 54
    Warning (13013): Ports D and ENA on the latch are fed by the same signal SW[0] File: C:/Users/paulm/OneDrive/Documents/lab3stuff/lab3top/synthesis/top.v Line: 28
Warning (13012): Latch sort4:sort4_1|bubble4:bubble4_1|lab3sortp1:lab3sortp1_1|out0[0] has unsafe behavior File: C:/Users/paulm/OneDrive/Documents/lab3stuff/lab3sort2/synthesis/lab3sortp1.v Line: 54
    Warning (13013): Ports D and ENA on the latch are fed by the same signal SW[1] File: C:/Users/paulm/OneDrive/Documents/lab3stuff/lab3top/synthesis/top.v Line: 28
Warning (14026): LATCH primitive "sort4:sort4_1|bubble4:bubble4_1|lab3sortp1:lab3sortp1_1|out1[1]" is permanently enabled File: C:/Users/paulm/OneDrive/Documents/lab3stuff/lab3sort2/synthesis/lab3sortp1.v Line: 54
Warning (14026): LATCH primitive "sort4:sort4_1|bubble4:bubble4_1|lab3sortp1:lab3sortp1_1|out1[3]" is permanently enabled File: C:/Users/paulm/OneDrive/Documents/lab3stuff/lab3sort2/synthesis/lab3sortp1.v Line: 54
Warning (14026): LATCH primitive "sort4:sort4_1|bubble4:bubble4_1|lab3sortp1:lab3sortp1_1|out1[2]" is permanently enabled File: C:/Users/paulm/OneDrive/Documents/lab3stuff/lab3sort2/synthesis/lab3sortp1.v Line: 54
Warning (14026): LATCH primitive "sort4:sort4_1|bubble4:bubble4_1|lab3sortp1:lab3sortp1_1|out1[0]" is permanently enabled File: C:/Users/paulm/OneDrive/Documents/lab3stuff/lab3sort2/synthesis/lab3sortp1.v Line: 54
Warning (14026): LATCH primitive "sort4:sort4_1|bubble4:bubble4_1|lab3sortp1:lab3sortp1_1|out0[1]" is permanently enabled File: C:/Users/paulm/OneDrive/Documents/lab3stuff/lab3sort2/synthesis/lab3sortp1.v Line: 54
Warning (14026): LATCH primitive "sort4:sort4_1|bubble4:bubble4_1|lab3sortp1:lab3sortp1_1|out0[3]" is permanently enabled File: C:/Users/paulm/OneDrive/Documents/lab3stuff/lab3sort2/synthesis/lab3sortp1.v Line: 54
Warning (14026): LATCH primitive "sort4:sort4_1|bubble4:bubble4_1|lab3sortp1:lab3sortp1_1|out0[2]" is permanently enabled File: C:/Users/paulm/OneDrive/Documents/lab3stuff/lab3sort2/synthesis/lab3sortp1.v Line: 54
Warning (14026): LATCH primitive "sort4:sort4_1|bubble4:bubble4_1|lab3sortp1:lab3sortp1_1|out0[0]" is permanently enabled File: C:/Users/paulm/OneDrive/Documents/lab3stuff/lab3sort2/synthesis/lab3sortp1.v Line: 54
Info (13025): Duplicate LATCH primitives merged into single LATCH primitive
    Info (13026): Duplicate LATCH primitive "sort4:sort4_1|bubble4:bubble4_1|lab3sortp1:lab3sortp1_2|out1[2]" merged with LATCH primitive "sort4:sort4_1|bubble4:bubble4_1|lab3sortp1:lab3sortp1_2|out1[3]" File: C:/Users/paulm/OneDrive/Documents/lab3stuff/lab3sort2/synthesis/lab3sortp1.v Line: 54
Warning (13024): Output pins are stuck at VCC or GND
    Warning (13410): Pin "HEX0[1]" is stuck at GND File: C:/Users/paulm/OneDrive/Documents/lab3stuff/lab3top/synthesis/top.v Line: 14
    Warning (13410): Pin "HEX0[7]" is stuck at VCC File: C:/Users/paulm/OneDrive/Documents/lab3stuff/lab3top/synthesis/top.v Line: 14
    Warning (13410): Pin "HEX2[7]" is stuck at VCC File: C:/Users/paulm/OneDrive/Documents/lab3stuff/lab3top/synthesis/top.v Line: 16
    Warning (13410): Pin "HEX3[7]" is stuck at VCC File: C:/Users/paulm/OneDrive/Documents/lab3stuff/lab3top/synthesis/top.v Line: 17
    Warning (13410): Pin "HEX4[7]" is stuck at VCC File: C:/Users/paulm/OneDrive/Documents/lab3stuff/lab3top/synthesis/top.v Line: 18
    Warning (13410): Pin "HEX5[7]" is stuck at VCC File: C:/Users/paulm/OneDrive/Documents/lab3stuff/lab3top/synthesis/top.v Line: 19
    Warning (13410): Pin "LEDR[0]" is stuck at GND File: C:/Users/paulm/OneDrive/Documents/lab3stuff/lab3top/synthesis/top.v Line: 25
    Warning (13410): Pin "LEDR[1]" is stuck at GND File: C:/Users/paulm/OneDrive/Documents/lab3stuff/lab3top/synthesis/top.v Line: 25
    Warning (13410): Pin "LEDR[2]" is stuck at GND File: C:/Users/paulm/OneDrive/Documents/lab3stuff/lab3top/synthesis/top.v Line: 25
    Warning (13410): Pin "LEDR[3]" is stuck at GND File: C:/Users/paulm/OneDrive/Documents/lab3stuff/lab3top/synthesis/top.v Line: 25
    Warning (13410): Pin "LEDR[4]" is stuck at GND File: C:/Users/paulm/OneDrive/Documents/lab3stuff/lab3top/synthesis/top.v Line: 25
    Warning (13410): Pin "LEDR[5]" is stuck at GND File: C:/Users/paulm/OneDrive/Documents/lab3stuff/lab3top/synthesis/top.v Line: 25
    Warning (13410): Pin "LEDR[6]" is stuck at GND File: C:/Users/paulm/OneDrive/Documents/lab3stuff/lab3top/synthesis/top.v Line: 25
Info (286030): Timing-Driven Synthesis is running
Warning (14026): LATCH primitive "sort4:sort4_1|bubble4:bubble4_1|lab3sortp1:lab3sortp1_2|out1[0]" is permanently enabled File: C:/Users/paulm/OneDrive/Documents/lab3stuff/lab3sort2/synthesis/lab3sortp1.v Line: 54
Warning (14026): LATCH primitive "sort4:sort4_1|bubble4:bubble4_1|lab3sortp1:lab3sortp1_2|out1[1]" is permanently enabled File: C:/Users/paulm/OneDrive/Documents/lab3stuff/lab3sort2/synthesis/lab3sortp1.v Line: 54
Warning (14026): LATCH primitive "sort4:sort4_1|bubble4:bubble4_1|lab3sortp1:lab3sortp1_2|out1[3]" is permanently enabled File: C:/Users/paulm/OneDrive/Documents/lab3stuff/lab3sort2/synthesis/lab3sortp1.v Line: 54
Warning (14026): LATCH primitive "sort4:sort4_1|bubble4:bubble4_1|lab3sortp1:lab3sortp1_2|out0[3]" is permanently enabled File: C:/Users/paulm/OneDrive/Documents/lab3stuff/lab3sort2/synthesis/lab3sortp1.v Line: 54
Warning (14026): LATCH primitive "sort4:sort4_1|bubble4:bubble4_1|lab3sortp1:lab3sortp1_2|out0[2]" is permanently enabled File: C:/Users/paulm/OneDrive/Documents/lab3stuff/lab3sort2/synthesis/lab3sortp1.v Line: 54
Warning (14026): LATCH primitive "sort4:sort4_1|bubble4:bubble4_1|lab3sortp1:lab3sortp1_2|out0[1]" is permanently enabled File: C:/Users/paulm/OneDrive/Documents/lab3stuff/lab3sort2/synthesis/lab3sortp1.v Line: 54
Warning (14026): LATCH primitive "sort4:sort4_1|bubble4:bubble4_2|lab3sortp1:lab3sortp1_1|out1[0]" is permanently enabled File: C:/Users/paulm/OneDrive/Documents/lab3stuff/lab3sort2/synthesis/lab3sortp1.v Line: 54
Warning (14026): LATCH primitive "sort4:sort4_1|bubble4:bubble4_2|lab3sortp1:lab3sortp1_1|out1[3]" is permanently enabled File: C:/Users/paulm/OneDrive/Documents/lab3stuff/lab3sort2/synthesis/lab3sortp1.v Line: 54
Warning (14026): LATCH primitive "sort4:sort4_1|bubble4:bubble4_2|lab3sortp1:lab3sortp1_1|out1[2]" is permanently enabled File: C:/Users/paulm/OneDrive/Documents/lab3stuff/lab3sort2/synthesis/lab3sortp1.v Line: 54
Warning (14026): LATCH primitive "sort4:sort4_1|bubble4:bubble4_2|lab3sortp1:lab3sortp1_1|out0[0]" is permanently enabled File: C:/Users/paulm/OneDrive/Documents/lab3stuff/lab3sort2/synthesis/lab3sortp1.v Line: 54
Warning (14026): LATCH primitive "sort4:sort4_1|bubble4:bubble4_2|lab3sortp1:lab3sortp1_1|out0[3]" is permanently enabled File: C:/Users/paulm/OneDrive/Documents/lab3stuff/lab3sort2/synthesis/lab3sortp1.v Line: 54
Warning (14026): LATCH primitive "sort4:sort4_1|bubble4:bubble4_2|lab3sortp1:lab3sortp1_1|out0[2]" is permanently enabled File: C:/Users/paulm/OneDrive/Documents/lab3stuff/lab3sort2/synthesis/lab3sortp1.v Line: 54
Warning (14026): LATCH primitive "sort4:sort4_1|bubble4:bubble4_2|lab3sortp1:lab3sortp1_1|out0[1]" is permanently enabled File: C:/Users/paulm/OneDrive/Documents/lab3stuff/lab3sort2/synthesis/lab3sortp1.v Line: 54
Warning (14026): LATCH primitive "sort4:sort4_1|bubble4:bubble4_1|lab3sortp1:lab3sortp1_3|out0[3]" is permanently enabled File: C:/Users/paulm/OneDrive/Documents/lab3stuff/lab3sort2/synthesis/lab3sortp1.v Line: 54
Warning (14026): LATCH primitive "sort4:sort4_1|bubble4:bubble4_1|lab3sortp1:lab3sortp1_3|out0[1]" is permanently enabled File: C:/Users/paulm/OneDrive/Documents/lab3stuff/lab3sort2/synthesis/lab3sortp1.v Line: 54
Warning (14026): LATCH primitive "sort4:sort4_1|bubble4:bubble4_1|lab3sortp1:lab3sortp1_3|out1[0]" is permanently enabled File: C:/Users/paulm/OneDrive/Documents/lab3stuff/lab3sort2/synthesis/lab3sortp1.v Line: 54
Warning (14026): LATCH primitive "sort4:sort4_1|bubble4:bubble4_1|lab3sortp1:lab3sortp1_3|out1[2]" is permanently enabled File: C:/Users/paulm/OneDrive/Documents/lab3stuff/lab3sort2/synthesis/lab3sortp1.v Line: 54
Warning (14026): LATCH primitive "sort4:sort4_1|bubble4:bubble4_1|lab3sortp1:lab3sortp1_3|out1[3]" is permanently enabled File: C:/Users/paulm/OneDrive/Documents/lab3stuff/lab3sort2/synthesis/lab3sortp1.v Line: 54
Warning (14026): LATCH primitive "sort4:sort4_1|bubble4:bubble4_1|lab3sortp1:lab3sortp1_3|out1[1]" is permanently enabled File: C:/Users/paulm/OneDrive/Documents/lab3stuff/lab3sort2/synthesis/lab3sortp1.v Line: 54
Warning (14026): LATCH primitive "sort4:sort4_1|bubble4:bubble4_2|lab3sortp1:lab3sortp1_2|out1[0]" is permanently enabled File: C:/Users/paulm/OneDrive/Documents/lab3stuff/lab3sort2/synthesis/lab3sortp1.v Line: 54
Warning (14026): LATCH primitive "sort4:sort4_1|bubble4:bubble4_2|lab3sortp1:lab3sortp1_2|out1[2]" is permanently enabled File: C:/Users/paulm/OneDrive/Documents/lab3stuff/lab3sort2/synthesis/lab3sortp1.v Line: 54
Warning (14026): LATCH primitive "sort4:sort4_1|bubble4:bubble4_2|lab3sortp1:lab3sortp1_2|out1[3]" is permanently enabled File: C:/Users/paulm/OneDrive/Documents/lab3stuff/lab3sort2/synthesis/lab3sortp1.v Line: 54
Warning (14026): LATCH primitive "sort4:sort4_1|bubble4:bubble4_2|lab3sortp1:lab3sortp1_2|out1[1]" is permanently enabled File: C:/Users/paulm/OneDrive/Documents/lab3stuff/lab3sort2/synthesis/lab3sortp1.v Line: 54
Warning (14026): LATCH primitive "sort4:sort4_1|bubble4:bubble4_2|lab3sortp1:lab3sortp1_2|out0[0]" is permanently enabled File: C:/Users/paulm/OneDrive/Documents/lab3stuff/lab3sort2/synthesis/lab3sortp1.v Line: 54
Warning (14026): LATCH primitive "sort4:sort4_1|bubble4:bubble4_2|lab3sortp1:lab3sortp1_2|out0[3]" is permanently enabled File: C:/Users/paulm/OneDrive/Documents/lab3stuff/lab3sort2/synthesis/lab3sortp1.v Line: 54
Warning (14026): LATCH primitive "sort4:sort4_1|bubble4:bubble4_2|lab3sortp1:lab3sortp1_2|out0[2]" is permanently enabled File: C:/Users/paulm/OneDrive/Documents/lab3stuff/lab3sort2/synthesis/lab3sortp1.v Line: 54
Warning (14026): LATCH primitive "sort4:sort4_1|bubble4:bubble4_2|lab3sortp1:lab3sortp1_3|out0[0]" is permanently enabled File: C:/Users/paulm/OneDrive/Documents/lab3stuff/lab3sort2/synthesis/lab3sortp1.v Line: 54
Warning (14026): LATCH primitive "sort4:sort4_1|bubble4:bubble4_2|lab3sortp1:lab3sortp1_3|out0[3]" is permanently enabled File: C:/Users/paulm/OneDrive/Documents/lab3stuff/lab3sort2/synthesis/lab3sortp1.v Line: 54
Warning (14026): LATCH primitive "sort4:sort4_1|bubble4:bubble4_2|lab3sortp1:lab3sortp1_3|out0[1]" is permanently enabled File: C:/Users/paulm/OneDrive/Documents/lab3stuff/lab3sort2/synthesis/lab3sortp1.v Line: 54
Warning (14026): LATCH primitive "sort4:sort4_1|bubble4:bubble4_2|lab3sortp1:lab3sortp1_3|out1[0]" is permanently enabled File: C:/Users/paulm/OneDrive/Documents/lab3stuff/lab3sort2/synthesis/lab3sortp1.v Line: 54
Warning (14026): LATCH primitive "sort4:sort4_1|bubble4:bubble4_2|lab3sortp1:lab3sortp1_3|out1[2]" is permanently enabled File: C:/Users/paulm/OneDrive/Documents/lab3stuff/lab3sort2/synthesis/lab3sortp1.v Line: 54
Warning (14026): LATCH primitive "sort4:sort4_1|bubble4:bubble4_2|lab3sortp1:lab3sortp1_3|out1[3]" is permanently enabled File: C:/Users/paulm/OneDrive/Documents/lab3stuff/lab3sort2/synthesis/lab3sortp1.v Line: 54
Warning (14026): LATCH primitive "sort4:sort4_1|bubble4:bubble4_3|lab3sortp1:lab3sortp1_1|out1[0]" is permanently enabled File: C:/Users/paulm/OneDrive/Documents/lab3stuff/lab3sort2/synthesis/lab3sortp1.v Line: 54
Warning (14026): LATCH primitive "sort4:sort4_1|bubble4:bubble4_3|lab3sortp1:lab3sortp1_1|out1[3]" is permanently enabled File: C:/Users/paulm/OneDrive/Documents/lab3stuff/lab3sort2/synthesis/lab3sortp1.v Line: 54
Warning (14026): LATCH primitive "sort4:sort4_1|bubble4:bubble4_3|lab3sortp1:lab3sortp1_1|out1[2]" is permanently enabled File: C:/Users/paulm/OneDrive/Documents/lab3stuff/lab3sort2/synthesis/lab3sortp1.v Line: 54
Warning (14026): LATCH primitive "sort4:sort4_1|bubble4:bubble4_3|lab3sortp1:lab3sortp1_1|out0[0]" is permanently enabled File: C:/Users/paulm/OneDrive/Documents/lab3stuff/lab3sort2/synthesis/lab3sortp1.v Line: 54
Warning (14026): LATCH primitive "sort4:sort4_1|bubble4:bubble4_3|lab3sortp1:lab3sortp1_1|out0[3]" is permanently enabled File: C:/Users/paulm/OneDrive/Documents/lab3stuff/lab3sort2/synthesis/lab3sortp1.v Line: 54
Warning (14026): LATCH primitive "sort4:sort4_1|bubble4:bubble4_3|lab3sortp1:lab3sortp1_1|out0[2]" is permanently enabled File: C:/Users/paulm/OneDrive/Documents/lab3stuff/lab3sort2/synthesis/lab3sortp1.v Line: 54
Warning (14026): LATCH primitive "sort4:sort4_1|bubble4:bubble4_3|lab3sortp1:lab3sortp1_1|out0[1]" is permanently enabled File: C:/Users/paulm/OneDrive/Documents/lab3stuff/lab3sort2/synthesis/lab3sortp1.v Line: 54
Warning (14026): LATCH primitive "sort4:sort4_1|bubble4:bubble4_3|lab3sortp1:lab3sortp1_2|out1[0]" is permanently enabled File: C:/Users/paulm/OneDrive/Documents/lab3stuff/lab3sort2/synthesis/lab3sortp1.v Line: 54
Warning (14026): LATCH primitive "sort4:sort4_1|bubble4:bubble4_3|lab3sortp1:lab3sortp1_2|out1[3]" is permanently enabled File: C:/Users/paulm/OneDrive/Documents/lab3stuff/lab3sort2/synthesis/lab3sortp1.v Line: 54
Warning (14026): LATCH primitive "sort4:sort4_1|bubble4:bubble4_3|lab3sortp1:lab3sortp1_2|out1[2]" is permanently enabled File: C:/Users/paulm/OneDrive/Documents/lab3stuff/lab3sort2/synthesis/lab3sortp1.v Line: 54
Warning (14026): LATCH primitive "sort4:sort4_1|bubble4:bubble4_3|lab3sortp1:lab3sortp1_2|out1[1]" is permanently enabled File: C:/Users/paulm/OneDrive/Documents/lab3stuff/lab3sort2/synthesis/lab3sortp1.v Line: 54
Warning (14026): LATCH primitive "sort4:sort4_1|bubble4:bubble4_3|lab3sortp1:lab3sortp1_2|out0[0]" is permanently enabled File: C:/Users/paulm/OneDrive/Documents/lab3stuff/lab3sort2/synthesis/lab3sortp1.v Line: 54
Warning (14026): LATCH primitive "sort4:sort4_1|bubble4:bubble4_3|lab3sortp1:lab3sortp1_2|out0[3]" is permanently enabled File: C:/Users/paulm/OneDrive/Documents/lab3stuff/lab3sort2/synthesis/lab3sortp1.v Line: 54
Warning (14026): LATCH primitive "sort4:sort4_1|bubble4:bubble4_3|lab3sortp1:lab3sortp1_2|out0[2]" is permanently enabled File: C:/Users/paulm/OneDrive/Documents/lab3stuff/lab3sort2/synthesis/lab3sortp1.v Line: 54
Warning (14026): LATCH primitive "sort4:sort4_1|bubble4:bubble4_3|lab3sortp1:lab3sortp1_3|out0[0]" is permanently enabled File: C:/Users/paulm/OneDrive/Documents/lab3stuff/lab3sort2/synthesis/lab3sortp1.v Line: 54
Warning (14026): LATCH primitive "sort4:sort4_1|bubble4:bubble4_3|lab3sortp1:lab3sortp1_3|out0[3]" is permanently enabled File: C:/Users/paulm/OneDrive/Documents/lab3stuff/lab3sort2/synthesis/lab3sortp1.v Line: 54
Warning (14026): LATCH primitive "sort4:sort4_1|bubble4:bubble4_3|lab3sortp1:lab3sortp1_3|out0[1]" is permanently enabled File: C:/Users/paulm/OneDrive/Documents/lab3stuff/lab3sort2/synthesis/lab3sortp1.v Line: 54
Warning (14026): LATCH primitive "sort4:sort4_1|bubble4:bubble4_3|lab3sortp1:lab3sortp1_3|out1[0]" is permanently enabled File: C:/Users/paulm/OneDrive/Documents/lab3stuff/lab3sort2/synthesis/lab3sortp1.v Line: 54
Warning (14026): LATCH primitive "sort4:sort4_1|bubble4:bubble4_3|lab3sortp1:lab3sortp1_3|out1[3]" is permanently enabled File: C:/Users/paulm/OneDrive/Documents/lab3stuff/lab3sort2/synthesis/lab3sortp1.v Line: 54
Warning (14026): LATCH primitive "sort4:sort4_1|bubble4:bubble4_3|lab3sortp1:lab3sortp1_3|out1[2]" is permanently enabled File: C:/Users/paulm/OneDrive/Documents/lab3stuff/lab3sort2/synthesis/lab3sortp1.v Line: 54
Info (16010): Generating hard_block partition "hard_block:auto_generated_inst"
    Info (16011): Adding 0 node(s), including 0 DDIO, 0 PLL, 0 transceiver and 0 LCELL
Warning (21074): Design contains 4 input pin(s) that do not drive logic
    Warning (15610): No output dependent on input pin "ADC_CLK_10" File: C:/Users/paulm/OneDrive/Documents/lab3stuff/lab3top/synthesis/top.v Line: 9
    Warning (15610): No output dependent on input pin "MAX10_CLK1_50" File: C:/Users/paulm/OneDrive/Documents/lab3stuff/lab3top/synthesis/top.v Line: 10
    Warning (15610): No output dependent on input pin "MAX10_CLK2_50" File: C:/Users/paulm/OneDrive/Documents/lab3stuff/lab3top/synthesis/top.v Line: 11
    Warning (15610): No output dependent on input pin "KEY[1]" File: C:/Users/paulm/OneDrive/Documents/lab3stuff/lab3top/synthesis/top.v Line: 22
Info (21057): Implemented 102 device resources after synthesis - the final resource count might be different
    Info (21058): Implemented 7 input pins
    Info (21059): Implemented 66 output pins
    Info (21061): Implemented 29 logic cells
Info: Quartus Prime Analysis & Synthesis was successful. 0 errors, 235 warnings
    Info: Peak virtual memory: 651 megabytes
    Info: Processing ended: Tue May 01 15:09:46 2018
    Info: Elapsed time: 00:00:15
    Info: Total CPU time (on all processors): 00:00:26


