Analysis & Synthesis report for bubble4
Fri Apr 27 11:17:11 2018
Quartus Prime Version 16.1.0 Build 196 10/24/2016 SJ Lite Edition


---------------------
; Table of Contents ;
---------------------
  1. Legal Notice
  2. Analysis & Synthesis Summary
  3. Analysis & Synthesis Settings
  4. Parallel Compilation
  5. Analysis & Synthesis Source Files Read
  6. Analysis & Synthesis Resource Usage Summary
  7. Analysis & Synthesis Resource Utilization by Entity
  8. User-Specified and Inferred Latches
  9. General Register Statistics
 10. Port Connectivity Checks: "lab3sortp1:lab3sortp1_3"
 11. Port Connectivity Checks: "lab3sortp1:lab3sortp1_2"
 12. Port Connectivity Checks: "lab3sortp1:lab3sortp1_1"
 13. Post-Synthesis Netlist Statistics for Top Partition
 14. Elapsed Time Per Partition
 15. Analysis & Synthesis Messages



----------------
; Legal Notice ;
----------------
Copyright (C) 2016  Intel Corporation. All rights reserved.
Your use of Intel Corporation's design tools, logic functions 
and other software and tools, and its AMPP partner logic 
functions, and any output files from any of the foregoing 
(including device programming or simulation files), and any 
associated documentation or information are expressly subject 
to the terms and conditions of the Intel Program License 
Subscription Agreement, the Intel Quartus Prime License Agreement,
the Intel MegaCore Function License Agreement, or other 
applicable license agreement, including, without limitation, 
that your use is for the sole purpose of programming logic 
devices manufactured by Intel and sold by Intel or its 
authorized distributors.  Please refer to the applicable 
agreement for further details.



+----------------------------------------------------------------------------------+
; Analysis & Synthesis Summary                                                     ;
+------------------------------------+---------------------------------------------+
; Analysis & Synthesis Status        ; Successful - Fri Apr 27 11:17:11 2018       ;
; Quartus Prime Version              ; 16.1.0 Build 196 10/24/2016 SJ Lite Edition ;
; Revision Name                      ; bubble4                                     ;
; Top-level Entity Name              ; bubble4                                     ;
; Family                             ; MAX 10                                      ;
; Total logic elements               ; 15                                          ;
;     Total combinational functions  ; 15                                          ;
;     Dedicated logic registers      ; 0                                           ;
; Total registers                    ; 0                                           ;
; Total pins                         ; 8                                           ;
; Total virtual pins                 ; 0                                           ;
; Total memory bits                  ; 0                                           ;
; Embedded Multiplier 9-bit elements ; 0                                           ;
; Total PLLs                         ; 0                                           ;
; UFM blocks                         ; 0                                           ;
; ADC blocks                         ; 0                                           ;
+------------------------------------+---------------------------------------------+


+----------------------------------------------------------------------------------------------------------------------+
; Analysis & Synthesis Settings                                                                                        ;
+----------------------------------------------------------------------------+--------------------+--------------------+
; Option                                                                     ; Setting            ; Default Value      ;
+----------------------------------------------------------------------------+--------------------+--------------------+
; Device                                                                     ; 10M50DAF484C7G     ;                    ;
; Top-level entity name                                                      ; bubble4            ; bubble4            ;
; Family name                                                                ; MAX 10 FPGA        ; Cyclone V          ;
; Use smart compilation                                                      ; Off                ; Off                ;
; Enable parallel Assembler and TimeQuest Timing Analyzer during compilation ; On                 ; On                 ;
; Enable compact report table                                                ; Off                ; Off                ;
; Restructure Multiplexers                                                   ; Auto               ; Auto               ;
; Create Debugging Nodes for IP Cores                                        ; Off                ; Off                ;
; Preserve fewer node names                                                  ; On                 ; On                 ;
; OpenCore Plus hardware evaluation                                          ; Enable             ; Enable             ;
; Verilog Version                                                            ; Verilog_2001       ; Verilog_2001       ;
; VHDL Version                                                               ; VHDL_1993          ; VHDL_1993          ;
; State Machine Processing                                                   ; Auto               ; Auto               ;
; Safe State Machine                                                         ; Off                ; Off                ;
; Extract Verilog State Machines                                             ; On                 ; On                 ;
; Extract VHDL State Machines                                                ; On                 ; On                 ;
; Ignore Verilog initial constructs                                          ; Off                ; Off                ;
; Iteration limit for constant Verilog loops                                 ; 5000               ; 5000               ;
; Iteration limit for non-constant Verilog loops                             ; 250                ; 250                ;
; Add Pass-Through Logic to Inferred RAMs                                    ; On                 ; On                 ;
; Infer RAMs from Raw Logic                                                  ; On                 ; On                 ;
; Parallel Synthesis                                                         ; On                 ; On                 ;
; DSP Block Balancing                                                        ; Auto               ; Auto               ;
; NOT Gate Push-Back                                                         ; On                 ; On                 ;
; Power-Up Don't Care                                                        ; On                 ; On                 ;
; Remove Redundant Logic Cells                                               ; Off                ; Off                ;
; Remove Duplicate Registers                                                 ; On                 ; On                 ;
; Ignore CARRY Buffers                                                       ; Off                ; Off                ;
; Ignore CASCADE Buffers                                                     ; Off                ; Off                ;
; Ignore GLOBAL Buffers                                                      ; Off                ; Off                ;
; Ignore ROW GLOBAL Buffers                                                  ; Off                ; Off                ;
; Ignore LCELL Buffers                                                       ; Off                ; Off                ;
; Ignore SOFT Buffers                                                        ; On                 ; On                 ;
; Limit AHDL Integers to 32 Bits                                             ; Off                ; Off                ;
; Optimization Technique                                                     ; Balanced           ; Balanced           ;
; Carry Chain Length                                                         ; 70                 ; 70                 ;
; Auto Carry Chains                                                          ; On                 ; On                 ;
; Auto Open-Drain Pins                                                       ; On                 ; On                 ;
; Perform WYSIWYG Primitive Resynthesis                                      ; Off                ; Off                ;
; Auto ROM Replacement                                                       ; On                 ; On                 ;
; Auto RAM Replacement                                                       ; On                 ; On                 ;
; Auto DSP Block Replacement                                                 ; On                 ; On                 ;
; Auto Shift Register Replacement                                            ; Auto               ; Auto               ;
; Allow Shift Register Merging across Hierarchies                            ; Auto               ; Auto               ;
; Auto Clock Enable Replacement                                              ; On                 ; On                 ;
; Strict RAM Replacement                                                     ; Off                ; Off                ;
; Allow Synchronous Control Signals                                          ; On                 ; On                 ;
; Force Use of Synchronous Clear Signals                                     ; Off                ; Off                ;
; Auto RAM Block Balancing                                                   ; On                 ; On                 ;
; Auto RAM to Logic Cell Conversion                                          ; Off                ; Off                ;
; Auto Resource Sharing                                                      ; Off                ; Off                ;
; Allow Any RAM Size For Recognition                                         ; Off                ; Off                ;
; Allow Any ROM Size For Recognition                                         ; Off                ; Off                ;
; Allow Any Shift Register Size For Recognition                              ; Off                ; Off                ;
; Use LogicLock Constraints during Resource Balancing                        ; On                 ; On                 ;
; Ignore translate_off and synthesis_off directives                          ; Off                ; Off                ;
; Timing-Driven Synthesis                                                    ; On                 ; On                 ;
; Report Parameter Settings                                                  ; On                 ; On                 ;
; Report Source Assignments                                                  ; On                 ; On                 ;
; Report Connectivity Checks                                                 ; On                 ; On                 ;
; Ignore Maximum Fan-Out Assignments                                         ; Off                ; Off                ;
; Synchronization Register Chain Length                                      ; 2                  ; 2                  ;
; PowerPlay Power Optimization During Synthesis                              ; Normal compilation ; Normal compilation ;
; HDL message level                                                          ; Level2             ; Level2             ;
; Suppress Register Optimization Related Messages                            ; Off                ; Off                ;
; Number of Removed Registers Reported in Synthesis Report                   ; 5000               ; 5000               ;
; Number of Swept Nodes Reported in Synthesis Report                         ; 5000               ; 5000               ;
; Number of Inverted Registers Reported in Synthesis Report                  ; 100                ; 100                ;
; Clock MUX Protection                                                       ; On                 ; On                 ;
; Auto Gated Clock Conversion                                                ; Off                ; Off                ;
; Block Design Naming                                                        ; Auto               ; Auto               ;
; SDC constraint protection                                                  ; Off                ; Off                ;
; Synthesis Effort                                                           ; Auto               ; Auto               ;
; Shift Register Replacement - Allow Asynchronous Clear Signal               ; On                 ; On                 ;
; Pre-Mapping Resynthesis Optimization                                       ; Off                ; Off                ;
; Analysis & Synthesis Message Level                                         ; Medium             ; Medium             ;
; Disable Register Merging Across Hierarchies                                ; Auto               ; Auto               ;
; Resource Aware Inference For Block RAM                                     ; On                 ; On                 ;
+----------------------------------------------------------------------------+--------------------+--------------------+


+------------------------------------------+
; Parallel Compilation                     ;
+----------------------------+-------------+
; Processors                 ; Number      ;
+----------------------------+-------------+
; Number detected on machine ; 4           ;
; Maximum allowed            ; 2           ;
;                            ;             ;
; Average used               ; 1.00        ;
; Maximum used               ; 2           ;
;                            ;             ;
; Usage by Processor         ; % Time Used ;
;     Processor 1            ; 100.0%      ;
;     Processor 2            ;   0.0%      ;
+----------------------------+-------------+


+------------------------------------------------------------------------------------------------------------------------------------------------------------------+
; Analysis & Synthesis Source Files Read                                                                                                                           ;
+----------------------------------+-----------------+------------------------------+--------------------------------------------------------------------+---------+
; File Name with User-Entered Path ; Used in Netlist ; File Type                    ; File Name with Absolute Path                                       ; Library ;
+----------------------------------+-----------------+------------------------------+--------------------------------------------------------------------+---------+
; ../lab3sort2/lab3sortp1.v        ; yes             ; User Verilog HDL File        ; C:/Users/paulm/OneDrive/Documents/lab3stuff/lab3sort2/lab3sortp1.v ;         ;
; bubble4.v                        ; yes             ; Auto-Found Verilog HDL File  ; C:/Users/paulm/OneDrive/Documents/lab3stuff/lab3bub/bubble4.v      ;         ;
+----------------------------------+-----------------+------------------------------+--------------------------------------------------------------------+---------+


+-------------------------------------------------------------------------------+
; Analysis & Synthesis Resource Usage Summary                                   ;
+---------------------------------------------+---------------------------------+
; Resource                                    ; Usage                           ;
+---------------------------------------------+---------------------------------+
; Estimated Total logic elements              ; 15                              ;
;                                             ;                                 ;
; Total combinational functions               ; 15                              ;
; Logic element usage by number of LUT inputs ;                                 ;
;     -- 4 input functions                    ; 0                               ;
;     -- 3 input functions                    ; 6                               ;
;     -- <=2 input functions                  ; 9                               ;
;                                             ;                                 ;
; Logic elements by mode                      ;                                 ;
;     -- normal mode                          ; 15                              ;
;     -- arithmetic mode                      ; 0                               ;
;                                             ;                                 ;
; Total registers                             ; 0                               ;
;     -- Dedicated logic registers            ; 0                               ;
;     -- I/O registers                        ; 0                               ;
;                                             ;                                 ;
; I/O pins                                    ; 8                               ;
;                                             ;                                 ;
; Embedded Multiplier 9-bit elements          ; 0                               ;
;                                             ;                                 ;
; Maximum fan-out node                        ; lab3sortp1:lab3sortp1_1|out0[0] ;
; Maximum fan-out                             ; 4                               ;
; Total fan-out                               ; 48                              ;
; Average fan-out                             ; 1.55                            ;
+---------------------------------------------+---------------------------------+


+---------------------------------------------------------------------------------------------------------------------------------------------------------------------------------------------------------------------------------------------------+
; Analysis & Synthesis Resource Utilization by Entity                                                                                                                                                                                               ;
+------------------------------+---------------------+---------------------------+-------------+------------+--------------+---------+-----------+------+--------------+------------+----------------------------------+-------------+--------------+
; Compilation Hierarchy Node   ; Combinational ALUTs ; Dedicated Logic Registers ; Memory Bits ; UFM Blocks ; DSP Elements ; DSP 9x9 ; DSP 18x18 ; Pins ; Virtual Pins ; ADC blocks ; Full Hierarchy Name              ; Entity Name ; Library Name ;
+------------------------------+---------------------+---------------------------+-------------+------------+--------------+---------+-----------+------+--------------+------------+----------------------------------+-------------+--------------+
; |bubble4                     ; 15 (0)              ; 0 (0)                     ; 0           ; 0          ; 0            ; 0       ; 0         ; 8    ; 0            ; 0          ; |bubble4                         ; bubble4     ; work         ;
;    |lab3sortp1:lab3sortp1_1| ; 5 (5)               ; 0 (0)                     ; 0           ; 0          ; 0            ; 0       ; 0         ; 0    ; 0            ; 0          ; |bubble4|lab3sortp1:lab3sortp1_1 ; lab3sortp1  ; work         ;
;    |lab3sortp1:lab3sortp1_2| ; 5 (5)               ; 0 (0)                     ; 0           ; 0          ; 0            ; 0       ; 0         ; 0    ; 0            ; 0          ; |bubble4|lab3sortp1:lab3sortp1_2 ; lab3sortp1  ; work         ;
;    |lab3sortp1:lab3sortp1_3| ; 5 (5)               ; 0 (0)                     ; 0           ; 0          ; 0            ; 0       ; 0         ; 0    ; 0            ; 0          ; |bubble4|lab3sortp1:lab3sortp1_3 ; lab3sortp1  ; work         ;
+------------------------------+---------------------+---------------------------+-------------+------------+--------------+---------+-----------+------+--------------+------------+----------------------------------+-------------+--------------+
Note: For table entries with two numbers listed, the numbers in parentheses indicate the number of resources of the given type used by the specific entity alone. The numbers listed outside of parentheses indicate the total resources of the given type used by the specific entity and all of its sub-entities in the hierarchy.


+---------------------------------------------------------------------------------------------------------------+
; User-Specified and Inferred Latches                                                                           ;
+----------------------------------------------------+---------------------------------+------------------------+
; Latch Name                                         ; Latch Enable Signal             ; Free of Timing Hazards ;
+----------------------------------------------------+---------------------------------+------------------------+
; lab3sortp1:lab3sortp1_1|out1[0]                    ; lab3sortp1:lab3sortp1_1|out1[0] ; yes                    ;
; lab3sortp1:lab3sortp1_2|out1[0]                    ; lab3sortp1:lab3sortp1_2|out1[0] ; yes                    ;
; lab3sortp1:lab3sortp1_3|out1[0]                    ; lab3sortp1:lab3sortp1_3|out1[0] ; yes                    ;
; lab3sortp1:lab3sortp1_3|out0[0]                    ; lab3sortp1:lab3sortp1_3|out1[0] ; yes                    ;
; lab3sortp1:lab3sortp1_1|out0[0]                    ; lab3sortp1:lab3sortp1_1|out1[0] ; yes                    ;
; lab3sortp1:lab3sortp1_2|out0[0]                    ; lab3sortp1:lab3sortp1_2|out1[0] ; yes                    ;
; Number of user-specified and inferred latches = 6  ;                                 ;                        ;
+----------------------------------------------------+---------------------------------+------------------------+
Note: All latches listed above may not be present at the end of synthesis due to various synthesis optimizations.


+------------------------------------------------------+
; General Register Statistics                          ;
+----------------------------------------------+-------+
; Statistic                                    ; Value ;
+----------------------------------------------+-------+
; Total registers                              ; 0     ;
; Number of registers using Synchronous Clear  ; 0     ;
; Number of registers using Synchronous Load   ; 0     ;
; Number of registers using Asynchronous Clear ; 0     ;
; Number of registers using Asynchronous Load  ; 0     ;
; Number of registers using Clock Enable       ; 0     ;
; Number of registers using Preset             ; 0     ;
+----------------------------------------------+-------+


+------------------------------------------------------------------------------------------------------------------------------------------------------------------------+
; Port Connectivity Checks: "lab3sortp1:lab3sortp1_3"                                                                                                                    ;
+------+--------+----------+---------------------------------------------------------------------------------------------------------------------------------------------+
; Port ; Type   ; Severity ; Details                                                                                                                                     ;
+------+--------+----------+---------------------------------------------------------------------------------------------------------------------------------------------+
; in1  ; Input  ; Warning  ; Input port expression (1 bits) is smaller than the input port (4 bits) it drives.  Extra input bit(s) "in1[3..1]" will be connected to GND. ;
; in0  ; Input  ; Warning  ; Input port expression (1 bits) is smaller than the input port (4 bits) it drives.  Extra input bit(s) "in0[3..1]" will be connected to GND. ;
; out1 ; Output ; Warning  ; Output or bidir port (4 bits) is wider than the port expression (1 bits) it drives; bit(s) "out1[3..1]" have no fanouts                     ;
; out0 ; Output ; Warning  ; Output or bidir port (4 bits) is wider than the port expression (1 bits) it drives; bit(s) "out0[3..1]" have no fanouts                     ;
+------+--------+----------+---------------------------------------------------------------------------------------------------------------------------------------------+


+------------------------------------------------------------------------------------------------------------------------------------------------------------------------+
; Port Connectivity Checks: "lab3sortp1:lab3sortp1_2"                                                                                                                    ;
+------+--------+----------+---------------------------------------------------------------------------------------------------------------------------------------------+
; Port ; Type   ; Severity ; Details                                                                                                                                     ;
+------+--------+----------+---------------------------------------------------------------------------------------------------------------------------------------------+
; in1  ; Input  ; Warning  ; Input port expression (1 bits) is smaller than the input port (4 bits) it drives.  Extra input bit(s) "in1[3..1]" will be connected to GND. ;
; in0  ; Input  ; Warning  ; Input port expression (1 bits) is smaller than the input port (4 bits) it drives.  Extra input bit(s) "in0[3..1]" will be connected to GND. ;
; out1 ; Output ; Warning  ; Output or bidir port (4 bits) is wider than the port expression (1 bits) it drives; bit(s) "out1[3..1]" have no fanouts                     ;
; out0 ; Output ; Warning  ; Output or bidir port (4 bits) is wider than the port expression (1 bits) it drives; bit(s) "out0[3..1]" have no fanouts                     ;
+------+--------+----------+---------------------------------------------------------------------------------------------------------------------------------------------+


+------------------------------------------------------------------------------------------------------------------------------------------------------------------------+
; Port Connectivity Checks: "lab3sortp1:lab3sortp1_1"                                                                                                                    ;
+------+--------+----------+---------------------------------------------------------------------------------------------------------------------------------------------+
; Port ; Type   ; Severity ; Details                                                                                                                                     ;
+------+--------+----------+---------------------------------------------------------------------------------------------------------------------------------------------+
; in1  ; Input  ; Warning  ; Input port expression (1 bits) is smaller than the input port (4 bits) it drives.  Extra input bit(s) "in1[3..1]" will be connected to GND. ;
; in0  ; Input  ; Warning  ; Input port expression (1 bits) is smaller than the input port (4 bits) it drives.  Extra input bit(s) "in0[3..1]" will be connected to GND. ;
; out1 ; Output ; Warning  ; Output or bidir port (4 bits) is wider than the port expression (1 bits) it drives; bit(s) "out1[3..1]" have no fanouts                     ;
; out0 ; Output ; Warning  ; Output or bidir port (4 bits) is wider than the port expression (1 bits) it drives; bit(s) "out0[3..1]" have no fanouts                     ;
+------+--------+----------+---------------------------------------------------------------------------------------------------------------------------------------------+


+-----------------------------------------------------+
; Post-Synthesis Netlist Statistics for Top Partition ;
+-----------------------+-----------------------------+
; Type                  ; Count                       ;
+-----------------------+-----------------------------+
; boundary_port         ; 8                           ;
; cycloneiii_lcell_comb ; 15                          ;
;     normal            ; 15                          ;
;         2 data inputs ; 9                           ;
;         3 data inputs ; 6                           ;
;                       ;                             ;
; Max LUT depth         ; 2.00                        ;
; Average LUT depth     ; 1.84                        ;
+-----------------------+-----------------------------+


+-------------------------------+
; Elapsed Time Per Partition    ;
+----------------+--------------+
; Partition Name ; Elapsed Time ;
+----------------+--------------+
; Top            ; 00:00:00     ;
+----------------+--------------+


+-------------------------------+
; Analysis & Synthesis Messages ;
+-------------------------------+
Info: *******************************************************************
Info: Running Quartus Prime Analysis & Synthesis
    Info: Version 16.1.0 Build 196 10/24/2016 SJ Lite Edition
    Info: Processing started: Fri Apr 27 11:16:58 2018
Info: Command: quartus_map --read_settings_files=on --write_settings_files=off bubble4 -c bubble4
Warning (18236): Number of processors has not been specified which may cause overloading on shared machines.  Set the global assignment NUM_PARALLEL_PROCESSORS in your QSF to an appropriate value for best performance.
Info (20030): Parallel compilation is enabled and will use 2 of the 2 processors detected
Info (12021): Found 1 design units, including 1 entities, in source file /users/paulm/onedrive/documents/lab3stuff/lab3sort2/lab3sortp1.v
    Info (12023): Found entity 1: lab3sortp1 File: C:/Users/paulm/OneDrive/Documents/lab3stuff/lab3sort2/lab3sortp1.v Line: 6
Warning (12125): Using design file bubble4.v, which is not specified as a design file for the current project, but contains definitions for 1 design units and 1 entities in project
    Info (12023): Found entity 1: bubble4 File: C:/Users/paulm/OneDrive/Documents/lab3stuff/lab3bub/bubble4.v Line: 6
Info (12127): Elaborating entity "bubble4" for the top level hierarchy
Info (12128): Elaborating entity "lab3sortp1" for hierarchy "lab3sortp1:lab3sortp1_1" File: C:/Users/paulm/OneDrive/Documents/lab3stuff/lab3bub/bubble4.v Line: 53
Warning (10240): Verilog HDL Always Construct warning at lab3sortp1.v(48): inferring latch(es) for variable "out1", which holds its previous value in one or more paths through the always construct File: C:/Users/paulm/OneDrive/Documents/lab3stuff/lab3sort2/lab3sortp1.v Line: 48
Warning (10240): Verilog HDL Always Construct warning at lab3sortp1.v(48): inferring latch(es) for variable "out0", which holds its previous value in one or more paths through the always construct File: C:/Users/paulm/OneDrive/Documents/lab3stuff/lab3sort2/lab3sortp1.v Line: 48
Info (10041): Inferred latch for "out0[0]" at lab3sortp1.v(54) File: C:/Users/paulm/OneDrive/Documents/lab3stuff/lab3sort2/lab3sortp1.v Line: 54
Info (10041): Inferred latch for "out0[1]" at lab3sortp1.v(54) File: C:/Users/paulm/OneDrive/Documents/lab3stuff/lab3sort2/lab3sortp1.v Line: 54
Info (10041): Inferred latch for "out0[2]" at lab3sortp1.v(54) File: C:/Users/paulm/OneDrive/Documents/lab3stuff/lab3sort2/lab3sortp1.v Line: 54
Info (10041): Inferred latch for "out0[3]" at lab3sortp1.v(54) File: C:/Users/paulm/OneDrive/Documents/lab3stuff/lab3sort2/lab3sortp1.v Line: 54
Info (10041): Inferred latch for "out1[0]" at lab3sortp1.v(54) File: C:/Users/paulm/OneDrive/Documents/lab3stuff/lab3sort2/lab3sortp1.v Line: 54
Info (10041): Inferred latch for "out1[1]" at lab3sortp1.v(54) File: C:/Users/paulm/OneDrive/Documents/lab3stuff/lab3sort2/lab3sortp1.v Line: 54
Info (10041): Inferred latch for "out1[2]" at lab3sortp1.v(54) File: C:/Users/paulm/OneDrive/Documents/lab3stuff/lab3sort2/lab3sortp1.v Line: 54
Info (10041): Inferred latch for "out1[3]" at lab3sortp1.v(54) File: C:/Users/paulm/OneDrive/Documents/lab3stuff/lab3sort2/lab3sortp1.v Line: 54
Warning (12241): 3 hierarchies have connectivity warnings - see the Connectivity Checks report folder
Warning (13012): Latch lab3sortp1:lab3sortp1_1|out1[0] has unsafe behavior File: C:/Users/paulm/OneDrive/Documents/lab3stuff/lab3sort2/lab3sortp1.v Line: 54
    Warning (13013): Ports D and ENA on the latch are fed by the same signal bubin3 File: C:/Users/paulm/OneDrive/Documents/lab3stuff/lab3bub/bubble4.v Line: 30
Warning (13012): Latch lab3sortp1:lab3sortp1_2|out1[0] has unsafe behavior File: C:/Users/paulm/OneDrive/Documents/lab3stuff/lab3sort2/lab3sortp1.v Line: 54
    Warning (13013): Ports D and ENA on the latch are fed by the same signal bubin1 File: C:/Users/paulm/OneDrive/Documents/lab3stuff/lab3bub/bubble4.v Line: 32
Warning (13012): Latch lab3sortp1:lab3sortp1_3|out1[0] has unsafe behavior File: C:/Users/paulm/OneDrive/Documents/lab3stuff/lab3sort2/lab3sortp1.v Line: 54
    Warning (13013): Ports D and ENA on the latch are fed by the same signal bubin0 File: C:/Users/paulm/OneDrive/Documents/lab3stuff/lab3bub/bubble4.v Line: 33
Warning (13012): Latch lab3sortp1:lab3sortp1_3|out0[0] has unsafe behavior File: C:/Users/paulm/OneDrive/Documents/lab3stuff/lab3sort2/lab3sortp1.v Line: 54
    Warning (13013): Ports D and ENA on the latch are fed by the same signal bubin0 File: C:/Users/paulm/OneDrive/Documents/lab3stuff/lab3bub/bubble4.v Line: 33
Warning (13012): Latch lab3sortp1:lab3sortp1_1|out0[0] has unsafe behavior File: C:/Users/paulm/OneDrive/Documents/lab3stuff/lab3sort2/lab3sortp1.v Line: 54
    Warning (13013): Ports D and ENA on the latch are fed by the same signal bubin3 File: C:/Users/paulm/OneDrive/Documents/lab3stuff/lab3bub/bubble4.v Line: 30
Warning (13012): Latch lab3sortp1:lab3sortp1_2|out0[0] has unsafe behavior File: C:/Users/paulm/OneDrive/Documents/lab3stuff/lab3sort2/lab3sortp1.v Line: 54
    Warning (13013): Ports D and ENA on the latch are fed by the same signal bubin1 File: C:/Users/paulm/OneDrive/Documents/lab3stuff/lab3bub/bubble4.v Line: 32
Info (286030): Timing-Driven Synthesis is running
Info (16010): Generating hard_block partition "hard_block:auto_generated_inst"
    Info (16011): Adding 0 node(s), including 0 DDIO, 0 PLL, 0 transceiver and 0 LCELL
Info (21057): Implemented 23 device resources after synthesis - the final resource count might be different
    Info (21058): Implemented 4 input pins
    Info (21059): Implemented 4 output pins
    Info (21061): Implemented 15 logic cells
Info: Quartus Prime Analysis & Synthesis was successful. 0 errors, 17 warnings
    Info: Peak virtual memory: 656 megabytes
    Info: Processing ended: Fri Apr 27 11:17:11 2018
    Info: Elapsed time: 00:00:13
    Info: Total CPU time (on all processors): 00:00:25


