Analysis & Synthesis report for sort4
Sat Apr 28 00:52:18 2018
Quartus Prime Version 16.1.0 Build 196 10/24/2016 SJ Lite Edition


---------------------
; Table of Contents ;
---------------------
  1. Legal Notice
  2. Analysis & Synthesis Summary
  3. Analysis & Synthesis Settings
  4. Parallel Compilation
  5. Analysis & Synthesis Source Files Read
  6. Analysis & Synthesis Resource Usage Summary
  7. Analysis & Synthesis Resource Utilization by Entity
  8. General Register Statistics
  9. Port Connectivity Checks: "testgen:testgen_a"
 10. Post-Synthesis Netlist Statistics for Top Partition
 11. Elapsed Time Per Partition
 12. Analysis & Synthesis Messages



----------------
; Legal Notice ;
----------------
Copyright (C) 2016  Intel Corporation. All rights reserved.
Your use of Intel Corporation's design tools, logic functions 
and other software and tools, and its AMPP partner logic 
functions, and any output files from any of the foregoing 
(including device programming or simulation files), and any 
associated documentation or information are expressly subject 
to the terms and conditions of the Intel Program License 
Subscription Agreement, the Intel Quartus Prime License Agreement,
the Intel MegaCore Function License Agreement, or other 
applicable license agreement, including, without limitation, 
that your use is for the sole purpose of programming logic 
devices manufactured by Intel and sold by Intel or its 
authorized distributors.  Please refer to the applicable 
agreement for further details.



+----------------------------------------------------------------------------------+
; Analysis & Synthesis Summary                                                     ;
+------------------------------------+---------------------------------------------+
; Analysis & Synthesis Status        ; Successful - Sat Apr 28 00:52:18 2018       ;
; Quartus Prime Version              ; 16.1.0 Build 196 10/24/2016 SJ Lite Edition ;
; Revision Name                      ; sort4                                       ;
; Top-level Entity Name              ; sort4                                       ;
; Family                             ; MAX 10                                      ;
; Total logic elements               ; 0                                           ;
;     Total combinational functions  ; 0                                           ;
;     Dedicated logic registers      ; 0                                           ;
; Total registers                    ; 0                                           ;
; Total pins                         ; 32                                          ;
; Total virtual pins                 ; 0                                           ;
; Total memory bits                  ; 0                                           ;
; Embedded Multiplier 9-bit elements ; 0                                           ;
; Total PLLs                         ; 0                                           ;
; UFM blocks                         ; 0                                           ;
; ADC blocks                         ; 0                                           ;
+------------------------------------+---------------------------------------------+


+----------------------------------------------------------------------------------------------------------------------+
; Analysis & Synthesis Settings                                                                                        ;
+----------------------------------------------------------------------------+--------------------+--------------------+
; Option                                                                     ; Setting            ; Default Value      ;
+----------------------------------------------------------------------------+--------------------+--------------------+
; Device                                                                     ; 10M50DAF484C7G     ;                    ;
; Top-level entity name                                                      ; sort4              ; sort4              ;
; Family name                                                                ; MAX 10 FPGA        ; Cyclone V          ;
; Use smart compilation                                                      ; Off                ; Off                ;
; Enable parallel Assembler and TimeQuest Timing Analyzer during compilation ; On                 ; On                 ;
; Enable compact report table                                                ; Off                ; Off                ;
; Restructure Multiplexers                                                   ; Auto               ; Auto               ;
; Create Debugging Nodes for IP Cores                                        ; Off                ; Off                ;
; Preserve fewer node names                                                  ; On                 ; On                 ;
; OpenCore Plus hardware evaluation                                          ; Enable             ; Enable             ;
; Verilog Version                                                            ; Verilog_2001       ; Verilog_2001       ;
; VHDL Version                                                               ; VHDL_1993          ; VHDL_1993          ;
; State Machine Processing                                                   ; Auto               ; Auto               ;
; Safe State Machine                                                         ; Off                ; Off                ;
; Extract Verilog State Machines                                             ; On                 ; On                 ;
; Extract VHDL State Machines                                                ; On                 ; On                 ;
; Ignore Verilog initial constructs                                          ; Off                ; Off                ;
; Iteration limit for constant Verilog loops                                 ; 5000               ; 5000               ;
; Iteration limit for non-constant Verilog loops                             ; 250                ; 250                ;
; Add Pass-Through Logic to Inferred RAMs                                    ; On                 ; On                 ;
; Infer RAMs from Raw Logic                                                  ; On                 ; On                 ;
; Parallel Synthesis                                                         ; On                 ; On                 ;
; DSP Block Balancing                                                        ; Auto               ; Auto               ;
; NOT Gate Push-Back                                                         ; On                 ; On                 ;
; Power-Up Don't Care                                                        ; On                 ; On                 ;
; Remove Redundant Logic Cells                                               ; Off                ; Off                ;
; Remove Duplicate Registers                                                 ; On                 ; On                 ;
; Ignore CARRY Buffers                                                       ; Off                ; Off                ;
; Ignore CASCADE Buffers                                                     ; Off                ; Off                ;
; Ignore GLOBAL Buffers                                                      ; Off                ; Off                ;
; Ignore ROW GLOBAL Buffers                                                  ; Off                ; Off                ;
; Ignore LCELL Buffers                                                       ; Off                ; Off                ;
; Ignore SOFT Buffers                                                        ; On                 ; On                 ;
; Limit AHDL Integers to 32 Bits                                             ; Off                ; Off                ;
; Optimization Technique                                                     ; Balanced           ; Balanced           ;
; Carry Chain Length                                                         ; 70                 ; 70                 ;
; Auto Carry Chains                                                          ; On                 ; On                 ;
; Auto Open-Drain Pins                                                       ; On                 ; On                 ;
; Perform WYSIWYG Primitive Resynthesis                                      ; Off                ; Off                ;
; Auto ROM Replacement                                                       ; On                 ; On                 ;
; Auto RAM Replacement                                                       ; On                 ; On                 ;
; Auto DSP Block Replacement                                                 ; On                 ; On                 ;
; Auto Shift Register Replacement                                            ; Auto               ; Auto               ;
; Allow Shift Register Merging across Hierarchies                            ; Auto               ; Auto               ;
; Auto Clock Enable Replacement                                              ; On                 ; On                 ;
; Strict RAM Replacement                                                     ; Off                ; Off                ;
; Allow Synchronous Control Signals                                          ; On                 ; On                 ;
; Force Use of Synchronous Clear Signals                                     ; Off                ; Off                ;
; Auto RAM Block Balancing                                                   ; On                 ; On                 ;
; Auto RAM to Logic Cell Conversion                                          ; Off                ; Off                ;
; Auto Resource Sharing                                                      ; Off                ; Off                ;
; Allow Any RAM Size For Recognition                                         ; Off                ; Off                ;
; Allow Any ROM Size For Recognition                                         ; Off                ; Off                ;
; Allow Any Shift Register Size For Recognition                              ; Off                ; Off                ;
; Use LogicLock Constraints during Resource Balancing                        ; On                 ; On                 ;
; Ignore translate_off and synthesis_off directives                          ; Off                ; Off                ;
; Timing-Driven Synthesis                                                    ; On                 ; On                 ;
; Report Parameter Settings                                                  ; On                 ; On                 ;
; Report Source Assignments                                                  ; On                 ; On                 ;
; Report Connectivity Checks                                                 ; On                 ; On                 ;
; Ignore Maximum Fan-Out Assignments                                         ; Off                ; Off                ;
; Synchronization Register Chain Length                                      ; 2                  ; 2                  ;
; PowerPlay Power Optimization During Synthesis                              ; Normal compilation ; Normal compilation ;
; HDL message level                                                          ; Level2             ; Level2             ;
; Suppress Register Optimization Related Messages                            ; Off                ; Off                ;
; Number of Removed Registers Reported in Synthesis Report                   ; 5000               ; 5000               ;
; Number of Swept Nodes Reported in Synthesis Report                         ; 5000               ; 5000               ;
; Number of Inverted Registers Reported in Synthesis Report                  ; 100                ; 100                ;
; Clock MUX Protection                                                       ; On                 ; On                 ;
; Auto Gated Clock Conversion                                                ; Off                ; Off                ;
; Block Design Naming                                                        ; Auto               ; Auto               ;
; SDC constraint protection                                                  ; Off                ; Off                ;
; Synthesis Effort                                                           ; Auto               ; Auto               ;
; Shift Register Replacement - Allow Asynchronous Clear Signal               ; On                 ; On                 ;
; Pre-Mapping Resynthesis Optimization                                       ; Off                ; Off                ;
; Analysis & Synthesis Message Level                                         ; Medium             ; Medium             ;
; Disable Register Merging Across Hierarchies                                ; Auto               ; Auto               ;
; Resource Aware Inference For Block RAM                                     ; On                 ; On                 ;
+----------------------------------------------------------------------------+--------------------+--------------------+


+------------------------------------------+
; Parallel Compilation                     ;
+----------------------------+-------------+
; Processors                 ; Number      ;
+----------------------------+-------------+
; Number detected on machine ; 4           ;
; Maximum allowed            ; 2           ;
;                            ;             ;
; Average used               ; 1.00        ;
; Maximum used               ; 1           ;
;                            ;             ;
; Usage by Processor         ; % Time Used ;
;     Processor 1            ; 100.0%      ;
+----------------------------+-------------+


+-------------------------------------------------------------------------------------------------------------------------------------------------------------------------------+
; Analysis & Synthesis Source Files Read                                                                                                                                        ;
+-------------------------------------+-----------------+------------------------------+------------------------------------------------------------------------------+---------+
; File Name with User-Entered Path    ; Used in Netlist ; File Type                    ; File Name with Absolute Path                                                 ; Library ;
+-------------------------------------+-----------------+------------------------------+------------------------------------------------------------------------------+---------+
; ../lab3sort2/synthesis/lab3sortp1.v ; yes             ; User Verilog HDL File        ; C:/Users/paulm/OneDrive/Documents/lab3stuff/lab3sort2/synthesis/lab3sortp1.v ;         ;
; ../lab3testgen/synthesis/testgen.v  ; yes             ; User Verilog HDL File        ; C:/Users/paulm/OneDrive/Documents/lab3stuff/lab3testgen/synthesis/testgen.v  ;         ;
; ../lab3bub/bubble4.v                ; yes             ; User Verilog HDL File        ; C:/Users/paulm/OneDrive/Documents/lab3stuff/lab3bub/bubble4.v                ;         ;
; sort4.v                             ; yes             ; Auto-Found Verilog HDL File  ; C:/Users/paulm/OneDrive/Documents/lab3stuff/lab3sort4/sort4.v                ;         ;
+-------------------------------------+-----------------+------------------------------+------------------------------------------------------------------------------+---------+


+---------------------------------------------------------+
; Analysis & Synthesis Resource Usage Summary             ;
+---------------------------------------------+-----------+
; Resource                                    ; Usage     ;
+---------------------------------------------+-----------+
;                                             ;           ;
; Total combinational functions               ; 0         ;
; Logic element usage by number of LUT inputs ;           ;
;     -- 4 input functions                    ; 0         ;
;     -- 3 input functions                    ; 0         ;
;     -- <=2 input functions                  ; 0         ;
;                                             ;           ;
; Logic elements by mode                      ;           ;
;     -- normal mode                          ; 0         ;
;     -- arithmetic mode                      ; 0         ;
;                                             ;           ;
; Total registers                             ; 0         ;
;     -- Dedicated logic registers            ; 0         ;
;     -- I/O registers                        ; 0         ;
;                                             ;           ;
; I/O pins                                    ; 32        ;
;                                             ;           ;
; Embedded Multiplier 9-bit elements          ; 0         ;
;                                             ;           ;
; Maximum fan-out node                        ; ins4_3[0] ;
; Maximum fan-out                             ; 1         ;
; Total fan-out                               ; 32        ;
; Average fan-out                             ; 0.50      ;
+---------------------------------------------+-----------+


+------------------------------------------------------------------------------------------------------------------------------------------------------------------------------------------------------------------------------------+
; Analysis & Synthesis Resource Utilization by Entity                                                                                                                                                                                ;
+----------------------------+---------------------+---------------------------+-------------+------------+--------------+---------+-----------+------+--------------+------------+---------------------+-------------+--------------+
; Compilation Hierarchy Node ; Combinational ALUTs ; Dedicated Logic Registers ; Memory Bits ; UFM Blocks ; DSP Elements ; DSP 9x9 ; DSP 18x18 ; Pins ; Virtual Pins ; ADC blocks ; Full Hierarchy Name ; Entity Name ; Library Name ;
+----------------------------+---------------------+---------------------------+-------------+------------+--------------+---------+-----------+------+--------------+------------+---------------------+-------------+--------------+
; |sort4                     ; 0 (0)               ; 0 (0)                     ; 0           ; 0          ; 0            ; 0       ; 0         ; 32   ; 0            ; 0          ; |sort4              ; sort4       ; work         ;
+----------------------------+---------------------+---------------------------+-------------+------------+--------------+---------+-----------+------+--------------+------------+---------------------+-------------+--------------+
Note: For table entries with two numbers listed, the numbers in parentheses indicate the number of resources of the given type used by the specific entity alone. The numbers listed outside of parentheses indicate the total resources of the given type used by the specific entity and all of its sub-entities in the hierarchy.


+------------------------------------------------------+
; General Register Statistics                          ;
+----------------------------------------------+-------+
; Statistic                                    ; Value ;
+----------------------------------------------+-------+
; Total registers                              ; 0     ;
; Number of registers using Synchronous Clear  ; 0     ;
; Number of registers using Synchronous Load   ; 0     ;
; Number of registers using Asynchronous Clear ; 0     ;
; Number of registers using Asynchronous Load  ; 0     ;
; Number of registers using Clock Enable       ; 0     ;
; Number of registers using Preset             ; 0     ;
+----------------------------------------------+-------+


+---------------------------------------------------------------------------------------------------------------------------------------------------------------------------+
; Port Connectivity Checks: "testgen:testgen_a"                                                                                                                             ;
+--------+--------+----------+----------------------------------------------------------------------------------------------------------------------------------------------+
; Port   ; Type   ; Severity ; Details                                                                                                                                      ;
+--------+--------+----------+----------------------------------------------------------------------------------------------------------------------------------------------+
; data0  ; Output ; Info     ; Connected to dangling logic. Logic that only feeds a dangling port will be removed.                                                          ;
; data1  ; Output ; Info     ; Connected to dangling logic. Logic that only feeds a dangling port will be removed.                                                          ;
; data2  ; Output ; Info     ; Connected to dangling logic. Logic that only feeds a dangling port will be removed.                                                          ;
; data3  ; Output ; Info     ; Connected to dangling logic. Logic that only feeds a dangling port will be removed.                                                          ;
; select ; Input  ; Warning  ; Declared by entity but not connected by instance. If a default value exists, it will be used.  Otherwise, the port will be connected to GND. ;
+--------+--------+----------+----------------------------------------------------------------------------------------------------------------------------------------------+


+-----------------------------------------------------+
; Post-Synthesis Netlist Statistics for Top Partition ;
+-----------------------+-----------------------------+
; Type                  ; Count                       ;
+-----------------------+-----------------------------+
; boundary_port         ; 32                          ;
; cycloneiii_lcell_comb ; 1                           ;
;     normal            ; 1                           ;
;         0 data inputs ; 1                           ;
;                       ;                             ;
; Max LUT depth         ; 0.00                        ;
; Average LUT depth     ; 0.00                        ;
+-----------------------+-----------------------------+


+-------------------------------+
; Elapsed Time Per Partition    ;
+----------------+--------------+
; Partition Name ; Elapsed Time ;
+----------------+--------------+
; Top            ; 00:00:00     ;
+----------------+--------------+


+-------------------------------+
; Analysis & Synthesis Messages ;
+-------------------------------+
Info: *******************************************************************
Info: Running Quartus Prime Analysis & Synthesis
    Info: Version 16.1.0 Build 196 10/24/2016 SJ Lite Edition
    Info: Processing started: Sat Apr 28 00:52:07 2018
Info: Command: quartus_map --read_settings_files=on --write_settings_files=off sort4 -c sort4
Warning (18236): Number of processors has not been specified which may cause overloading on shared machines.  Set the global assignment NUM_PARALLEL_PROCESSORS in your QSF to an appropriate value for best performance.
Info (20030): Parallel compilation is enabled and will use 2 of the 2 processors detected
Info (12021): Found 1 design units, including 1 entities, in source file /users/paulm/onedrive/documents/lab3stuff/lab3sort2/synthesis/lab3sortp1.v
    Info (12023): Found entity 1: lab3sortp1 File: C:/Users/paulm/OneDrive/Documents/lab3stuff/lab3sort2/synthesis/lab3sortp1.v Line: 6
Info (12021): Found 1 design units, including 1 entities, in source file /users/paulm/onedrive/documents/lab3stuff/lab3testgen/synthesis/testgen.v
    Info (12023): Found entity 1: testgen File: C:/Users/paulm/OneDrive/Documents/lab3stuff/lab3testgen/synthesis/testgen.v Line: 6
Info (12021): Found 1 design units, including 1 entities, in source file /users/paulm/onedrive/documents/lab3stuff/lab3bub/bubble4.v
    Info (12023): Found entity 1: bubble4 File: C:/Users/paulm/OneDrive/Documents/lab3stuff/lab3bub/bubble4.v Line: 6
Warning (12125): Using design file sort4.v, which is not specified as a design file for the current project, but contains definitions for 1 design units and 1 entities in project
    Info (12023): Found entity 1: sort4 File: C:/Users/paulm/OneDrive/Documents/lab3stuff/lab3sort4/sort4.v Line: 6
Info (12127): Elaborating entity "sort4" for the top level hierarchy
Info (12128): Elaborating entity "testgen" for hierarchy "testgen:testgen_a" File: C:/Users/paulm/OneDrive/Documents/lab3stuff/lab3sort4/sort4.v Line: 74
Info (12128): Elaborating entity "bubble4" for hierarchy "bubble4:bubble4_1" File: C:/Users/paulm/OneDrive/Documents/lab3stuff/lab3sort4/sort4.v Line: 76
Info (12128): Elaborating entity "lab3sortp1" for hierarchy "bubble4:bubble4_1|lab3sortp1:lab3sortp1_1" File: C:/Users/paulm/OneDrive/Documents/lab3stuff/lab3bub/bubble4.v Line: 53
Warning (10240): Verilog HDL Always Construct warning at lab3sortp1.v(48): inferring latch(es) for variable "out1", which holds its previous value in one or more paths through the always construct File: C:/Users/paulm/OneDrive/Documents/lab3stuff/lab3sort2/synthesis/lab3sortp1.v Line: 48
Warning (10240): Verilog HDL Always Construct warning at lab3sortp1.v(48): inferring latch(es) for variable "out0", which holds its previous value in one or more paths through the always construct File: C:/Users/paulm/OneDrive/Documents/lab3stuff/lab3sort2/synthesis/lab3sortp1.v Line: 48
Info (10041): Inferred latch for "out0[0]" at lab3sortp1.v(54) File: C:/Users/paulm/OneDrive/Documents/lab3stuff/lab3sort2/synthesis/lab3sortp1.v Line: 54
Info (10041): Inferred latch for "out0[1]" at lab3sortp1.v(54) File: C:/Users/paulm/OneDrive/Documents/lab3stuff/lab3sort2/synthesis/lab3sortp1.v Line: 54
Info (10041): Inferred latch for "out0[2]" at lab3sortp1.v(54) File: C:/Users/paulm/OneDrive/Documents/lab3stuff/lab3sort2/synthesis/lab3sortp1.v Line: 54
Info (10041): Inferred latch for "out0[3]" at lab3sortp1.v(54) File: C:/Users/paulm/OneDrive/Documents/lab3stuff/lab3sort2/synthesis/lab3sortp1.v Line: 54
Info (10041): Inferred latch for "out1[0]" at lab3sortp1.v(54) File: C:/Users/paulm/OneDrive/Documents/lab3stuff/lab3sort2/synthesis/lab3sortp1.v Line: 54
Info (10041): Inferred latch for "out1[1]" at lab3sortp1.v(54) File: C:/Users/paulm/OneDrive/Documents/lab3stuff/lab3sort2/synthesis/lab3sortp1.v Line: 54
Info (10041): Inferred latch for "out1[2]" at lab3sortp1.v(54) File: C:/Users/paulm/OneDrive/Documents/lab3stuff/lab3sort2/synthesis/lab3sortp1.v Line: 54
Info (10041): Inferred latch for "out1[3]" at lab3sortp1.v(54) File: C:/Users/paulm/OneDrive/Documents/lab3stuff/lab3sort2/synthesis/lab3sortp1.v Line: 54
Warning (12241): 1 hierarchies have connectivity warnings - see the Connectivity Checks report folder
Warning (13024): Output pins are stuck at VCC or GND
    Warning (13410): Pin "outs4_3[0]" is stuck at GND File: C:/Users/paulm/OneDrive/Documents/lab3stuff/lab3sort4/sort4.v Line: 34
    Warning (13410): Pin "outs4_3[1]" is stuck at GND File: C:/Users/paulm/OneDrive/Documents/lab3stuff/lab3sort4/sort4.v Line: 34
    Warning (13410): Pin "outs4_3[2]" is stuck at GND File: C:/Users/paulm/OneDrive/Documents/lab3stuff/lab3sort4/sort4.v Line: 34
    Warning (13410): Pin "outs4_3[3]" is stuck at GND File: C:/Users/paulm/OneDrive/Documents/lab3stuff/lab3sort4/sort4.v Line: 34
    Warning (13410): Pin "outs4_2[0]" is stuck at GND File: C:/Users/paulm/OneDrive/Documents/lab3stuff/lab3sort4/sort4.v Line: 35
    Warning (13410): Pin "outs4_2[1]" is stuck at GND File: C:/Users/paulm/OneDrive/Documents/lab3stuff/lab3sort4/sort4.v Line: 35
    Warning (13410): Pin "outs4_2[2]" is stuck at GND File: C:/Users/paulm/OneDrive/Documents/lab3stuff/lab3sort4/sort4.v Line: 35
    Warning (13410): Pin "outs4_2[3]" is stuck at GND File: C:/Users/paulm/OneDrive/Documents/lab3stuff/lab3sort4/sort4.v Line: 35
    Warning (13410): Pin "outs4_1[0]" is stuck at GND File: C:/Users/paulm/OneDrive/Documents/lab3stuff/lab3sort4/sort4.v Line: 36
    Warning (13410): Pin "outs4_1[1]" is stuck at GND File: C:/Users/paulm/OneDrive/Documents/lab3stuff/lab3sort4/sort4.v Line: 36
    Warning (13410): Pin "outs4_1[2]" is stuck at GND File: C:/Users/paulm/OneDrive/Documents/lab3stuff/lab3sort4/sort4.v Line: 36
    Warning (13410): Pin "outs4_1[3]" is stuck at GND File: C:/Users/paulm/OneDrive/Documents/lab3stuff/lab3sort4/sort4.v Line: 36
    Warning (13410): Pin "outs4_0[0]" is stuck at GND File: C:/Users/paulm/OneDrive/Documents/lab3stuff/lab3sort4/sort4.v Line: 39
    Warning (13410): Pin "outs4_0[1]" is stuck at GND File: C:/Users/paulm/OneDrive/Documents/lab3stuff/lab3sort4/sort4.v Line: 39
    Warning (13410): Pin "outs4_0[2]" is stuck at GND File: C:/Users/paulm/OneDrive/Documents/lab3stuff/lab3sort4/sort4.v Line: 39
    Warning (13410): Pin "outs4_0[3]" is stuck at GND File: C:/Users/paulm/OneDrive/Documents/lab3stuff/lab3sort4/sort4.v Line: 39
Info (16010): Generating hard_block partition "hard_block:auto_generated_inst"
    Info (16011): Adding 0 node(s), including 0 DDIO, 0 PLL, 0 transceiver and 0 LCELL
Warning (21074): Design contains 16 input pin(s) that do not drive logic
    Warning (15610): No output dependent on input pin "ins4_3[0]" File: C:/Users/paulm/OneDrive/Documents/lab3stuff/lab3sort4/sort4.v Line: 29
    Warning (15610): No output dependent on input pin "ins4_3[1]" File: C:/Users/paulm/OneDrive/Documents/lab3stuff/lab3sort4/sort4.v Line: 29
    Warning (15610): No output dependent on input pin "ins4_3[2]" File: C:/Users/paulm/OneDrive/Documents/lab3stuff/lab3sort4/sort4.v Line: 29
    Warning (15610): No output dependent on input pin "ins4_3[3]" File: C:/Users/paulm/OneDrive/Documents/lab3stuff/lab3sort4/sort4.v Line: 29
    Warning (15610): No output dependent on input pin "ins4_2[0]" File: C:/Users/paulm/OneDrive/Documents/lab3stuff/lab3sort4/sort4.v Line: 30
    Warning (15610): No output dependent on input pin "ins4_2[1]" File: C:/Users/paulm/OneDrive/Documents/lab3stuff/lab3sort4/sort4.v Line: 30
    Warning (15610): No output dependent on input pin "ins4_2[2]" File: C:/Users/paulm/OneDrive/Documents/lab3stuff/lab3sort4/sort4.v Line: 30
    Warning (15610): No output dependent on input pin "ins4_2[3]" File: C:/Users/paulm/OneDrive/Documents/lab3stuff/lab3sort4/sort4.v Line: 30
    Warning (15610): No output dependent on input pin "ins4_1[0]" File: C:/Users/paulm/OneDrive/Documents/lab3stuff/lab3sort4/sort4.v Line: 31
    Warning (15610): No output dependent on input pin "ins4_1[1]" File: C:/Users/paulm/OneDrive/Documents/lab3stuff/lab3sort4/sort4.v Line: 31
    Warning (15610): No output dependent on input pin "ins4_1[2]" File: C:/Users/paulm/OneDrive/Documents/lab3stuff/lab3sort4/sort4.v Line: 31
    Warning (15610): No output dependent on input pin "ins4_1[3]" File: C:/Users/paulm/OneDrive/Documents/lab3stuff/lab3sort4/sort4.v Line: 31
    Warning (15610): No output dependent on input pin "ins4_0[0]" File: C:/Users/paulm/OneDrive/Documents/lab3stuff/lab3sort4/sort4.v Line: 32
    Warning (15610): No output dependent on input pin "ins4_0[1]" File: C:/Users/paulm/OneDrive/Documents/lab3stuff/lab3sort4/sort4.v Line: 32
    Warning (15610): No output dependent on input pin "ins4_0[2]" File: C:/Users/paulm/OneDrive/Documents/lab3stuff/lab3sort4/sort4.v Line: 32
    Warning (15610): No output dependent on input pin "ins4_0[3]" File: C:/Users/paulm/OneDrive/Documents/lab3stuff/lab3sort4/sort4.v Line: 32
Info (21057): Implemented 32 device resources after synthesis - the final resource count might be different
    Info (21058): Implemented 16 input pins
    Info (21059): Implemented 16 output pins
Info: Quartus Prime Analysis & Synthesis was successful. 0 errors, 39 warnings
    Info: Peak virtual memory: 646 megabytes
    Info: Processing ended: Sat Apr 28 00:52:18 2018
    Info: Elapsed time: 00:00:11
    Info: Total CPU time (on all processors): 00:00:24


